2026-06-17 18:24:21,441 | INFO | ======================================================================
2026-06-17 18:24:21,441 | INFO | PROCESSING: Bharat_Ek_Khoj_Ep_016_without_cc
2026-06-17 18:24:21,441 | INFO | ======================================================================
2026-06-17 18:24:34,935 | INFO | BLIP Caption: the sangam period - episode 16 - silpapapapam part ii
2026-06-17 18:24:41,795 | INFO | BLIP Caption: arafed image of a sign that reads waves off for $ 5
2026-06-17 18:24:51,211 | INFO | BLIP Caption: arafed image of a man standing in the woods with a sign that reads waves off for $ 5
2026-06-17 18:24:57,939 | INFO | BLIP Caption: there is a picture of a sign that says waves off for us
2026-06-17 18:25:05,080 | INFO | BLIP Caption: there is a man standing in the woods with a sign that says waves off for $ 50
2026-06-17 18:25:11,469 | INFO | BLIP Caption: there is a man standing in the woods with a frisbee
2026-06-17 18:25:16,847 | INFO | BLIP Caption: arafed image of a man in a red shirt walking through a forest
2026-06-17 18:25:22,135 | INFO | BLIP Caption: araffes in a forest with a sign that says waves of peace
2026-06-17 18:25:28,831 | INFO | BLIP Caption: there is a man standing in the woods with a red umbrella
2026-06-17 18:25:43,818 | INFO | BLIP Caption: there is a man walking through the woods with a frisbee
2026-06-17 18:25:54,099 | INFO | BLIP Caption: there is a picture of a man walking through the woods
2026-06-17 18:26:07,387 | INFO | BLIP Caption: arafed image of a fire hydrant in the woods with a message waves off for us
2026-06-17 18:26:26,708 | INFO | BLIP Caption: there is a picture of a man and a woman walking through the woods
2026-06-17 18:26:40,453 | INFO | BLIP Caption: there is a red fire hydrant in the middle of a forest
2026-06-17 18:26:53,215 | INFO | BLIP Caption: there is a red fire hydrant in the woods with a sign that says waves of top slc
2026-06-17 18:27:03,747 | INFO | BLIP Caption: arafed image of a man standing in the woods with a sign that reads waves off for slc
2026-06-17 18:27:18,820 | INFO | BLIP Caption: a close up of a fire hydrant in the middle of a forest
2026-06-17 18:27:25,581 | INFO | BLIP Caption: arafed image of a man in a red shirt standing in the woods
2026-06-17 18:27:38,876 | INFO | BLIP Caption: arafed image of a red fire hydrant in a forest
2026-06-17 18:27:54,759 | INFO | BLIP Caption: arafed image of a red fire hydrant in a forest
2026-06-17 18:28:09,096 | INFO | BLIP Caption: arafed image of a sign that reads waves off for six
2026-06-17 18:28:18,586 | INFO | BLIP Caption: arafed image of a forest with trees and a sign that says waves off for us
2026-06-17 18:28:30,231 | INFO | BLIP Caption: there is a man standing in the woods with a frisbee
2026-06-17 18:28:46,375 | INFO | BLIP Caption: there is a red fire hydrant in the middle of a forest
2026-06-17 18:29:08,658 | INFO | BLIP Caption: there is a red fire hydrant in the middle of a forest
2026-06-17 18:29:16,859 | INFO | BLIP Caption: there is a red fire hydrant in the middle of a forest
2026-06-17 18:29:29,520 | INFO | BLIP Caption: arafed image of a man in a red shirt standing in a forest
2026-06-17 18:29:46,077 | INFO | BLIP Caption: arafed image of a sign that reads wake out for slc
2026-06-17 18:30:01,439 | INFO | BLIP Caption: arafed image of a man in a forest with a sign that says waves off for sec
2026-06-17 18:30:13,994 | INFO | BLIP Caption: someone is holding a cell phone up in the air in a field
2026-06-17 18:30:26,665 | INFO | BLIP Caption: arafed image of a man standing in the woods with a surfboard
2026-06-17 18:30:47,831 | INFO | BLIP Caption: arafed image of a man standing in the woods with a sign that reads waves off for slc
2026-06-17 18:31:30,938 | INFO | BLIP Caption: a close up of a person standing in a forest near trees
2026-06-17 18:31:43,217 | INFO | BLIP Caption: arafed image of a man in a red shirt standing in the woods
2026-06-17 18:31:47,658 | INFO | BLIP Caption: arafed image of a woman walking through a forest with a sign that reads waves off for slc
2026-06-17 18:31:50,931 | INFO | BLIP Caption: there is a man standing in the woods with a knife
2026-06-17 18:32:01,162 | INFO | BLIP Caption: arafed image of a man in a red shirt standing in a forest
2026-06-17 18:32:09,055 | INFO | BLIP Caption: a close up of a person standing in a tree with a red shirt
2026-06-17 18:32:18,963 | INFO | BLIP Caption: there is a man that is standing in the woods with a camera
2026-06-17 18:32:30,252 | INFO | BLIP Caption: a close up of a sign that reads wake out for $ 20
2026-06-17 18:32:40,596 | INFO | BLIP Caption: arafed image of a man in a white shirt standing in a forest
2026-06-17 18:32:52,883 | INFO | BLIP Caption: arafed image of a woman in a red shirt standing in a forest
2026-06-17 18:33:02,982 | INFO | BLIP Caption: arafed image of a man in a red shirt standing in the woods
2026-06-17 18:33:15,122 | INFO | BLIP Caption: arafed image of a man standing in the woods with a frisbee
2026-06-17 18:33:27,309 | INFO | BLIP Caption: arafed image of a woman in a red dress and a man in a blue suit
2026-06-17 18:33:39,721 | INFO | BLIP Caption: arafed image of a woman walking through a forest with a sign that reads waves off for slc
2026-06-17 18:33:51,233 | INFO | BLIP Caption: a close up of a person standing in a forest with trees
2026-06-17 18:34:02,494 | INFO | BLIP Caption: arafed image of a man standing in the woods with a sign that reads waves off for slc
2026-06-17 18:34:11,920 | INFO | BLIP Caption: arafed image of a man standing in the woods with a frisbee
2026-06-17 18:34:19,273 | INFO | BLIP Caption: a close up of a person standing in a forest near a tree
2026-06-17 18:34:25,440 | INFO | BLIP Caption: arafed image of a man standing in a field with trees
2026-06-17 18:34:34,744 | INFO | BLIP Caption: arafed image of a woman in a white dress walking through a field
2026-06-17 18:34:42,170 | INFO | BLIP Caption: arafed image of a woman in a white dress walking through a field
2026-06-17 18:34:56,426 | INFO | BLIP Caption: arafed image of a couple of people in a field
2026-06-17 18:35:15,040 | INFO | BLIP Caption: there is a man and a woman in a field playing with a frisbee
2026-06-17 18:35:25,901 | INFO | BLIP Caption: arafed image of a man in a red shirt walking through a field
2026-06-17 18:35:38,026 | INFO | BLIP Caption: there is a picture of a man in a red shirt standing in the woods
2026-06-17 18:35:48,315 | INFO | BLIP Caption: there is a picture of a man standing in the woods
2026-06-17 18:35:56,918 | INFO | BLIP Caption: arafed image of a group of people sitting in a field
2026-06-17 18:36:26,413 | INFO | BLIP Caption: arafed image of a man and a woman walking through a forest
2026-06-17 18:36:34,569 | INFO | BLIP Caption: a close up of a person walking through a forest with a sign
2026-06-17 18:36:57,444 | INFO | BLIP Caption: arafed image of a man walking through a forest with a red umbrella
2026-06-17 18:37:06,960 | INFO | BLIP Caption: arafed image of a black bear walking through a forest
2026-06-17 18:37:30,207 | INFO | BLIP Caption: araffe walking through a forest with a sign that says waves off for sec
2026-06-17 18:37:44,218 | INFO | BLIP Caption: a close up of a black and white photo of a forest
2026-06-17 18:38:00,345 | INFO | BLIP Caption: a close up of a person standing in a dark room
2026-06-17 18:38:14,841 | INFO | BLIP Caption: there is a man that is standing in the grass with a hat
2026-06-17 18:38:25,400 | INFO | BLIP Caption: there is a man and woman walking through a field together
2026-06-17 18:38:37,449 | INFO | BLIP Caption: there is a man standing in the woods with a red fire hydrant
2026-06-17 18:38:49,700 | INFO | BLIP Caption: there is a man and woman walking in the woods together
2026-06-17 18:38:58,524 | INFO | BLIP Caption: there is a woman in a white dress walking in the grass
2026-06-17 18:39:07,785 | INFO | BLIP Caption: arafed woman in a white dress is standing in a field
2026-06-17 18:39:13,122 | INFO | BLIP Caption: there is a woman in a white dress standing in a field
2026-06-17 18:39:19,129 | INFO | BLIP Caption: there is a man and woman walking in a field together
2026-06-17 18:39:28,987 | INFO | BLIP Caption: there is a woman in a white dress standing next to a man in a red suit
2026-06-17 18:39:41,745 | INFO | BLIP Caption: a close up of two women in a field with trees
2026-06-17 18:39:49,026 | INFO | BLIP Caption: arafed scene of a woman in a blue dress and a man in a red dress
2026-06-17 18:40:12,918 | INFO | BLIP Caption: arafed scene of a couple in a field with a woman in a white dress
2026-06-17 18:40:29,164 | INFO | BLIP Caption: arafed scene of a woman in a white dress and a man in a red dress
2026-06-17 18:40:41,647 | INFO | BLIP Caption: arafed scene of a couple in a field with a woman in a white dress
2026-06-17 18:40:51,967 | INFO | BLIP Caption: arafed scene of a woman in a white dress and a man in a red dress
2026-06-17 18:41:05,158 | INFO | BLIP Caption: arafed scene of a woman in a white dress and a man in a red dress
2026-06-17 18:41:11,633 | INFO | BLIP Caption: arafed scene of a woman in a white dress and a man in a red suit
2026-06-17 18:41:25,161 | INFO | BLIP Caption: arafed scene of a woman in a white dress and a man in a red suit
2026-06-17 18:41:37,193 | INFO | BLIP Caption: arafed scene of a woman in a white dress and a man in a red suit
2026-06-17 18:41:47,556 | INFO | BLIP Caption: arafed scene of a woman in a blue dress and a man in a red suit
2026-06-17 18:41:56,001 | INFO | BLIP Caption: arafed scene of a woman in a blue dress and a man in a red suit
2026-06-17 18:42:02,798 | INFO | BLIP Caption: arafed image of two women in a field with trees
2026-06-17 18:42:12,319 | INFO | BLIP Caption: arafed scene of two women in a field with trees
2026-06-17 18:42:49,474 | INFO | BLIP Caption: arafed scene of a woman in a blue dress and a man in a red suit
2026-06-17 18:43:14,660 | INFO | BLIP Caption: arafed image of two women in a field with trees
2026-06-17 18:43:20,002 | INFO | BLIP Caption: arafed scene of a man and woman in a field
2026-06-17 18:43:24,424 | INFO | BLIP Caption: arafed scene of a man and woman in a field
2026-06-17 18:43:36,905 | INFO | BLIP Caption: arafed scene of a man and woman in a field
2026-06-17 18:43:46,620 | INFO | BLIP Caption: arafed scene of a man and woman in a field
2026-06-17 18:43:54,640 | INFO | BLIP Caption: a couple of women in a field with trees and grass
2026-06-17 18:43:59,896 | INFO | BLIP Caption: there is a woman in a white dress walking through a field
2026-06-17 18:44:30,014 | INFO | BLIP Caption: there is a man and woman in a field with a red umbrella
2026-06-17 18:45:02,377 | INFO | BLIP Caption: there is a man in a red shirt and a man in a white shirt
2026-06-17 18:45:32,505 | INFO | BLIP Caption: there is a man that is standing in the grass with a red umbrella
2026-06-17 18:45:39,228 | INFO | BLIP Caption: there is a red fire hydrant in the middle of a field
2026-06-17 18:45:48,476 | INFO | BLIP Caption: arafed woman sitting in a white robe in a forest
2026-06-17 18:45:52,528 | INFO | BLIP Caption: arafed woman sitting in a white robe in a forest
2026-06-17 18:45:55,615 | INFO | BLIP Caption: arafed woman sitting on the ground in a white outfit
2026-06-17 18:46:21,719 | INFO | BLIP Caption: arafed image of a man sitting in the woods with a book
2026-06-17 18:46:50,543 | INFO | BLIP Caption: there is a woman sitting under a tree in a white outfit
2026-06-17 18:47:18,254 | INFO | BLIP Caption: there is a woman sitting on the ground with a man standing next to her
2026-06-17 18:47:41,842 | INFO | BLIP Caption: there is a man and woman sitting under a tree in the woods
2026-06-17 18:48:03,598 | INFO | BLIP Caption: there is a man and woman sitting under a tree in the woods
2026-06-17 18:48:31,338 | INFO | BLIP Caption: arafed scene of a man and woman in a red dress
2026-06-17 18:48:58,603 | INFO | BLIP Caption: there are two women sitting on the ground in the woods
2026-06-17 18:49:33,494 | INFO | BLIP Caption: arafed scene of a woman in a red dress talking to a man in a white robe
2026-06-17 18:49:40,830 | INFO | BLIP Caption: arafed scene of a man and woman sitting in the shade
2026-06-17 18:49:55,246 | INFO | BLIP Caption: arafed scene of a man and woman sitting on a bench in the woods
2026-06-17 18:50:25,470 | INFO | BLIP Caption: arafed scene of a woman in a red dress sitting on the ground
2026-06-17 18:50:56,902 | INFO | BLIP Caption: arafed scene of a woman in a red dress talking to a man in a white robe
2026-06-17 18:51:09,693 | INFO | BLIP Caption: arafed scene of a woman in a red dress talking to a man in a white robe
2026-06-17 18:51:14,186 | INFO | BLIP Caption: arafed scene of a woman in a red dress talking to a man in a white outfit
2026-06-17 18:51:19,381 | INFO | BLIP Caption: arafed scene of a woman in a red dress sitting on the ground
2026-06-17 18:51:37,376 | INFO | BLIP Caption: there is a man and woman in a red dress standing under a tree
2026-06-17 18:51:43,009 | INFO | BLIP Caption: there are two people standing in the woods with a sign
2026-06-17 18:51:45,828 | INFO | BLIP Caption: there are two women in white dresses standing under a tree
2026-06-17 18:52:15,001 | INFO | BLIP Caption: there is a man and woman standing in the woods with a red umbrella
2026-06-17 18:52:27,447 | INFO | BLIP Caption: arafed scene of a woman and a man in a red dress
2026-06-17 18:52:49,998 | INFO | BLIP Caption: there are two women in white dresses sitting under a tree
2026-06-17 18:53:21,796 | INFO | BLIP Caption: there are two women sitting in the woods with a red umbrella
2026-06-17 18:53:39,211 | INFO | BLIP Caption: there are two women sitting on the ground in the woods
2026-06-17 18:54:09,651 | INFO | BLIP Caption: arafed scene of a man and woman sitting on the ground
2026-06-17 18:54:38,722 | INFO | BLIP Caption: arafed scene of a man and woman sitting on the ground
2026-06-17 18:55:09,056 | INFO | BLIP Caption: arafed image of three women sitting on the ground in a forest
2026-06-17 18:55:41,016 | INFO | BLIP Caption: arafed scene of a couple of men sitting on the ground
2026-06-17 18:56:10,338 | INFO | BLIP Caption: there are three women sitting on the ground in the woods
2026-06-17 18:56:37,021 | INFO | BLIP Caption: there are three people sitting on the ground in the woods
2026-06-17 18:56:40,403 | INFO | BLIP Caption: arafed scene of a group of women sitting on the ground
2026-06-17 18:56:43,610 | INFO | BLIP Caption: arafed scene of a group of women sitting on the ground
2026-06-17 18:56:46,741 | INFO | BLIP Caption: arafed scene of a group of women sitting on the ground
2026-06-17 18:56:55,357 | INFO | BLIP Caption: arafed scene of a couple of women sitting on the ground
2026-06-17 18:57:07,055 | INFO | BLIP Caption: a close up of three people sitting on the ground in a forest
2026-06-17 18:57:16,582 | INFO | BLIP Caption: arafed scene of a group of people sitting in the woods
2026-06-17 18:57:20,056 | INFO | BLIP Caption: arafed scene of a group of women sitting on the ground
2026-06-17 18:57:36,697 | INFO | BLIP Caption: arafed scene of a couple of women sitting on the ground
2026-06-17 18:57:40,897 | INFO | BLIP Caption: there are three women sitting on the ground in the woods
2026-06-17 18:57:47,605 | INFO | BLIP Caption: there are three people sitting on the ground in the woods
2026-06-17 18:58:15,322 | INFO | BLIP Caption: arafed scene of a couple of women sitting on the ground
2026-06-17 18:58:39,128 | INFO | BLIP Caption: arafed scene of a couple of men sitting on the ground
2026-06-17 18:59:01,148 | INFO | BLIP Caption: arafed scene of a couple of men sitting on the ground
2026-06-17 18:59:10,653 | INFO | BLIP Caption: arafed scene of a man and woman sitting on the ground in a forest
2026-06-17 18:59:36,148 | INFO | BLIP Caption: arafed scene of a couple of men sitting on the ground
2026-06-17 19:00:04,464 | INFO | BLIP Caption: a close up of three people sitting on the ground near trees
2026-06-17 19:00:24,678 | INFO | BLIP Caption: a couple of women sitting on the ground in front of trees
2026-06-17 19:00:50,153 | INFO | BLIP Caption: a close up of three people sitting on the ground near trees
2026-06-17 19:01:04,375 | INFO | BLIP Caption: arafed scene of a couple of men sitting on the ground
2026-06-17 19:01:07,417 | INFO | BLIP Caption: arafed scene of a couple of women sitting on the ground
2026-06-17 19:01:43,344 | INFO | BLIP Caption: arafed scene of a man and woman sitting on the ground in a forest
2026-06-17 19:02:07,179 | INFO | BLIP Caption: arafed man with a crown and a necklace with words waves off for slc
2026-06-17 19:02:38,610 | INFO | BLIP Caption: a close up of a person in a white shirt with a chain around his neck
2026-06-17 19:03:06,776 | INFO | BLIP Caption: arafed image of a woman talking on a cell phone
2026-06-17 19:03:40,938 | INFO | BLIP Caption: arafed image of a woman in a red shirt and a hat
2026-06-17 19:03:55,091 | INFO | BLIP Caption: a close up of a person wearing a red shirt and a hat
2026-06-17 19:04:25,969 | INFO | BLIP Caption: a close up of a woman in a red shirt standing in a field
2026-06-17 19:04:51,196 | INFO | BLIP Caption: a close up of a woman in a red shirt and hat
2026-06-17 19:05:19,141 | INFO | BLIP Caption: a close up of a woman in a red shirt and hat
2026-06-17 19:05:27,222 | INFO | BLIP Caption: a close up of a person in a red shirt and a man in a white shirt
2026-06-17 19:05:30,291 | INFO | BLIP Caption: arafed woman in white shawl with words waves off for slc
2026-06-17 19:05:32,257 | INFO | BLIP Caption: arafed woman in a white shawl and a white hoodie
2026-06-17 19:05:34,120 | INFO | BLIP Caption: arafed woman in white shawl standing in front of a tree
2026-06-17 19:05:36,164 | INFO | BLIP Caption: arafed woman in white shawl standing in front of a tree
2026-06-17 19:05:38,492 | INFO | BLIP Caption: there is a woman in a white hoodedie standing by a tree
2026-06-17 19:06:04,718 | INFO | BLIP Caption: there is a woman in a white hoodedie standing in front of a tree
2026-06-17 19:06:08,395 | INFO | BLIP Caption: arafed image of a woman in a white hoodedie sitting under a tree
2026-06-17 19:06:10,820 | INFO | BLIP Caption: there is a woman in a white shawl standing in front of a tree
2026-06-17 19:06:15,573 | INFO | BLIP Caption: there is a woman in a white hoodie standing in front of a tree
2026-06-17 19:06:18,935 | INFO | BLIP Caption: arafed man with a white shirt and a gold chain around his neck
2026-06-17 19:06:27,453 | INFO | BLIP Caption: a close up of a man with a chain around his neck
2026-06-17 19:06:49,052 | INFO | BLIP Caption: arafed image of a man with a chain around his neck
2026-06-17 19:07:03,056 | INFO | BLIP Caption: a close up of a man with a necklace and a shirt on
2026-06-17 19:07:13,938 | INFO | BLIP Caption: arafed man with a chain around his neck and a message that reads waves off for slc
2026-06-17 19:07:41,511 | INFO | BLIP Caption: arafed man with a white shirt and a gold chain around his neck
2026-06-17 19:08:06,351 | INFO | BLIP Caption: arafed man with a white vest and gold chain around his neck
2026-06-17 19:08:36,632 | INFO | BLIP Caption: arafed man with a chain around his neck and a shirt on
2026-06-17 19:09:03,285 | INFO | BLIP Caption: a close up of a man with a chain around his neck
2026-06-17 19:09:09,718 | INFO | BLIP Caption: arafed man with a chain around his neck and a message that reads waves off for slc
2026-06-17 19:09:30,461 | INFO | BLIP Caption: a close up of a man with a chain around his neck
2026-06-17 19:10:01,657 | INFO | BLIP Caption: arafed man with a white sash and a gold chain around his neck
2026-06-17 19:10:30,830 | INFO | BLIP Caption: arafed man with a chain around his neck and a shirt on
2026-06-17 19:10:40,094 | INFO | BLIP Caption: arafed woman in white hoodie standing in front of tree
2026-06-17 19:10:54,840 | INFO | BLIP Caption: arafed woman in white hoodedie standing in front of a tree
2026-06-17 19:11:24,179 | INFO | BLIP Caption: there is a woman in a white hoodie standing in front of a tree
2026-06-17 19:12:05,439 | INFO | BLIP Caption: arafed image of a woman in a hoodedie with a message over her head
2026-06-17 19:12:39,261 | INFO | BLIP Caption: arafed image of a man in a hoodedie with a message over his head
2026-06-17 19:13:07,906 | INFO | BLIP Caption: there is a man in a white hoodie standing next to a tree
2026-06-17 19:13:38,293 | INFO | BLIP Caption: arafed image of a man in a hoodedie standing in front of a tree
2026-06-17 19:13:53,099 | INFO | BLIP Caption: arafed woman in a white hoodedie standing in front of a tree
2026-06-17 19:14:23,752 | INFO | BLIP Caption: arafed image of a woman in a white hoodedie standing in front of a tree
2026-06-17 19:14:56,117 | INFO | BLIP Caption: arafed woman in white hoodedie standing next to a tree
2026-06-17 19:15:16,187 | INFO | BLIP Caption: arafed woman in white hoodedie standing in front of a tree
2026-06-17 19:15:20,131 | INFO | BLIP Caption: arafed woman in white hoodedie standing next to a tree
2026-06-17 19:15:23,256 | INFO | BLIP Caption: arafed woman in white hoodedie standing in front of a tree
2026-06-17 19:15:26,635 | INFO | BLIP Caption: a close up of a man with a necklace and a shirt on
2026-06-17 19:15:41,065 | INFO | BLIP Caption: a close up of a man with a shirt on and a chain around his neck
2026-06-17 19:16:10,989 | INFO | BLIP Caption: a close up of a man with a shirt on and a chain around his neck
2026-06-17 19:16:38,678 | INFO | BLIP Caption: a close up of a man with a crown on his head
2026-06-17 19:17:09,828 | INFO | BLIP Caption: arafed man with a crown and a necklace on his neck
2026-06-17 19:17:39,724 | INFO | BLIP Caption: arafed man with a white sash and a gold chain around his neck
2026-06-17 19:18:10,133 | INFO | BLIP Caption: there is a woman in a white hoodie standing in front of a tree
2026-06-17 19:18:14,738 | INFO | BLIP Caption: arafed man in a white hoodedie standing next to a tree
2026-06-17 19:18:17,918 | INFO | BLIP Caption: arafed woman in a white hoodedie standing next to a tree
2026-06-17 19:18:20,700 | INFO | BLIP Caption: arafed image of a woman in a white hoodedie standing in front of a tree
2026-06-17 19:18:22,668 | INFO | BLIP Caption: arafed woman in white hoodedie standing next to a tree
2026-06-17 19:18:24,577 | INFO | BLIP Caption: arafed woman in white hoodedie standing next to a tree
2026-06-17 19:18:26,706 | INFO | BLIP Caption: arafed image of a woman in a white hoodedie standing in front of a tree
2026-06-17 19:18:28,996 | INFO | BLIP Caption: there is a woman in a white robe standing next to a tree
2026-06-17 19:18:58,507 | INFO | BLIP Caption: there is a woman in a white robe standing next to a tree
2026-06-17 19:19:29,120 | INFO | BLIP Caption: there is a woman in a white hoodie standing by a tree
2026-06-17 19:19:56,269 | INFO | BLIP Caption: there is a woman in a white hoodie standing by a tree
2026-06-17 19:20:26,076 | INFO | BLIP Caption: there is a woman in a white hoodie standing by a tree
2026-06-17 19:20:32,061 | INFO | BLIP Caption: a close up of a woman in a red shirt and a hat
2026-06-17 19:20:48,569 | INFO | BLIP Caption: arafed image of a woman in a red hoodie and a hat
2026-06-17 19:21:18,657 | INFO | BLIP Caption: arafed image of a woman with a red hoodie and a hat
2026-06-17 19:21:52,669 | INFO | BLIP Caption: arafed man with a chain around his neck and a shirt on
2026-06-17 19:22:21,158 | INFO | BLIP Caption: arafed man with a crown and a necklace smiles at the camera
2026-06-17 19:22:49,486 | INFO | BLIP Caption: a close up of a man with a crown on his head
2026-06-17 19:23:13,242 | INFO | BLIP Caption: there is a man with a crown on his head and a sign that says waves off for slc
2026-06-17 19:23:20,060 | INFO | BLIP Caption: arafed woman in white hoodedie standing in front of a tree
2026-06-17 19:23:49,072 | INFO | BLIP Caption: arafed woman in white shawl standing in front of a tree
2026-06-17 19:24:19,856 | INFO | BLIP Caption: there is a woman in a white hoodie standing in front of a tree
2026-06-17 19:24:41,465 | INFO | BLIP Caption: there is a woman in a white hoodie standing by a tree
2026-06-17 19:24:51,670 | INFO | BLIP Caption: a close up of a man with a crown on his head
2026-06-17 19:24:55,101 | INFO | BLIP Caption: a close up of a man with a necklace and a shirt on
2026-06-17 19:24:58,780 | INFO | BLIP Caption: a close up of a man with a crown on his head
2026-06-17 19:25:02,276 | INFO | BLIP Caption: arafed man with a crown and a necklace on his neck
2026-06-17 19:25:05,603 | INFO | BLIP Caption: arafed man in a white hoodedie standing next to a tree
2026-06-17 19:25:08,583 | INFO | BLIP Caption: arafed man in a white hoodedie standing next to a tree
2026-06-17 19:25:12,101 | INFO | BLIP Caption: arafed man in a white hoodedie standing next to a tree
2026-06-17 19:25:18,686 | INFO | BLIP Caption: arafed man in a hoodedie standing in front of a tree
2026-06-17 19:25:26,020 | INFO | BLIP Caption: arafed woman in white hoodedie standing in front of a tree
2026-06-17 19:25:30,086 | INFO | BLIP Caption: there is a woman in a white hoodedie standing by a tree
2026-06-17 19:25:34,397 | INFO | BLIP Caption: arafed woman in white hoodedie sitting under a tree
2026-06-17 19:25:38,587 | INFO | BLIP Caption: there is a woman in a white jacket sitting under a tree
2026-06-17 19:25:42,114 | INFO | BLIP Caption: there is a woman sitting under a tree with a white hood
2026-06-17 19:25:46,676 | INFO | BLIP Caption: arafed woman in white shawl and head scarf sitting under a tree
2026-06-17 19:25:50,104 | INFO | BLIP Caption: there is a woman that is sitting under a tree
2026-06-17 19:25:54,139 | INFO | BLIP Caption: there is a man in a white robe sitting under a tree
2026-06-17 19:25:58,116 | INFO | BLIP Caption: there is a man in a white robe and a white hat
2026-06-17 19:26:01,962 | INFO | BLIP Caption: arafed sign in the middle of a field with trees in the background
2026-06-17 19:26:05,527 | INFO | BLIP Caption: arafed image of a man standing in a field with a sign
2026-06-17 19:26:09,821 | INFO | BLIP Caption: arafed image of a man in a field with a sign
2026-06-17 19:26:12,390 | INFO | BLIP Caption: there is a picture of a car that is in the grass
2026-06-17 19:26:16,090 | INFO | BLIP Caption: arafed sign in the middle of a field with weeds and trees
2026-06-17 19:26:19,847 | INFO | BLIP Caption: arafed sign in the middle of a field with trees and bushes
2026-06-17 19:26:22,726 | INFO | BLIP Caption: arafed sign in the middle of a field with weeds and trees
2026-06-17 19:26:26,013 | INFO | BLIP Caption: there is a picture of a cat that is in the grass
2026-06-17 19:26:28,869 | INFO | BLIP Caption: there is a red fire hydrant in the middle of a field
2026-06-17 19:26:32,143 | INFO | BLIP Caption: there is a picture of a fire hydrant in the middle of a field
2026-06-17 19:26:36,032 | INFO | BLIP Caption: araffes in the wild with a sign that says waves off top side
2026-06-17 19:26:39,646 | INFO | BLIP Caption: arafed image of a man in a white shirt standing in a field
2026-06-17 19:26:42,862 | INFO | BLIP Caption: arafed woman in white dress walking through a field with trees
2026-06-17 19:26:46,301 | INFO | BLIP Caption: there is a woman in a white dress and a man in a red jacket
2026-06-17 19:26:50,760 | INFO | BLIP Caption: there are two people dressed in white walking in the woods
2026-06-17 19:26:54,909 | INFO | BLIP Caption: there are two people dressed in white walking in the woods
2026-06-17 19:26:58,209 | INFO | BLIP Caption: there are two women dressed in white walking down a path
2026-06-17 19:27:02,066 | INFO | BLIP Caption: there is a woman dressed in white holding a sword and a red umbrella
2026-06-17 19:27:04,951 | INFO | BLIP Caption: there is a woman in a white robe walking with a stick
2026-06-17 19:27:08,531 | INFO | BLIP Caption: there are two women walking in the grass with a sword
2026-06-17 19:27:12,767 | INFO | BLIP Caption: there are two people walking in the grass with a cane
2026-06-17 19:27:16,426 | INFO | BLIP Caption: there are two people walking in the grass with a stick
2026-06-17 19:27:20,677 | INFO | BLIP Caption: there are two women walking in the grass with a baseball bat
2026-06-17 19:27:23,871 | INFO | BLIP Caption: there are two men in white robes holding a baseball bat
2026-06-17 19:27:27,962 | INFO | BLIP Caption: three people in white robes standing next to each other
2026-06-17 19:27:31,299 | INFO | BLIP Caption: there are three people in white robes standing in a forest
2026-06-17 19:27:37,251 | INFO | BLIP Caption: arafy - bhajan - bhajan - bhajan - bhajan - bhajan - bhajan - bhajan - bhajan - bhajan - bha - bha - bha - -
2026-06-17 19:27:40,542 | INFO | BLIP Caption: three women in white dresses standing next to each other
2026-06-17 19:27:44,954 | INFO | BLIP Caption: three women in white and red dresses stand in a field
2026-06-17 19:27:48,701 | INFO | BLIP Caption: arafed view of a dirt road with a sign that says waves off top
2026-06-17 19:27:52,513 | INFO | BLIP Caption: arafed view of a dirt road with a sign that says waves off top
2026-06-17 19:27:57,818 | INFO | BLIP Caption: arafed view of a dirt road with a sign that says waves off top
2026-06-17 19:28:01,093 | INFO | BLIP Caption: there are three women standing in a field with a man holding a flower
2026-06-17 19:28:04,716 | INFO | BLIP Caption: three women in white dresses stand in a field with a football
2026-06-17 19:28:08,280 | INFO | BLIP Caption: three women in white and red dresses standing next to each other
2026-06-17 19:28:11,979 | INFO | BLIP Caption: there are three people standing in a field with a ball
2026-06-17 19:28:14,925 | INFO | BLIP Caption: there are two women standing in a field with a knife
2026-06-17 19:28:19,093 | INFO | BLIP Caption: there is a woman in a white jacket holding a black cat
2026-06-17 19:28:22,226 | INFO | BLIP Caption: there is a woman holding a baby in a blanket
2026-06-17 19:28:26,512 | INFO | BLIP Caption: there are two women standing in a field with trees in the background
2026-06-17 19:28:31,295 | INFO | BLIP Caption: there are two women standing in a field with a man in the background
2026-06-17 19:28:35,609 | INFO | BLIP Caption: arafed image of a woman in a red dress and a man in a white shirt
2026-06-17 19:28:38,176 | INFO | BLIP Caption: there is a man standing in a field with a towel around his neck
2026-06-17 19:28:42,554 | INFO | BLIP Caption: arafed image of a man walking down a dirt road with a sign that reads waves off for slc
2026-06-17 19:28:45,485 | INFO | BLIP Caption: arafed image of a dirt path with trees and bushes in the background
2026-06-17 19:28:49,404 | INFO | BLIP Caption: there is a man walking in the grass with a stick
2026-06-17 19:28:54,016 | INFO | BLIP Caption: arafed woman in a blue dress walking down a dirt road
2026-06-17 19:28:57,679 | INFO | BLIP Caption: a close up of a person in a white dress walking on a dirt road
2026-06-17 19:29:01,444 | INFO | BLIP Caption: there is a woman in a white dress walking down a dirt road
2026-06-17 19:29:04,393 | INFO | BLIP Caption: there are two women standing in the grass with a sword
2026-06-17 19:29:08,881 | INFO | BLIP Caption: three women in white dresses walking down a dirt road
2026-06-17 19:29:12,152 | INFO | BLIP Caption: three women in white and red dresses walking down a dirt road
2026-06-17 19:29:15,615 | INFO | BLIP Caption: three women in white dresses walking down a dirt road
2026-06-17 19:29:19,701 | INFO | BLIP Caption: there are two people walking down a dirt road together
2026-06-17 19:29:23,251 | INFO | BLIP Caption: there are two women walking down a dirt road together
2026-06-17 19:29:26,014 | INFO | BLIP Caption: there are two women walking down a dirt road together
2026-06-17 19:29:29,024 | INFO | BLIP Caption: there are two women walking down a dirt road with a sign
2026-06-17 19:29:31,894 | INFO | BLIP Caption: there are two women walking down a dirt road together
2026-06-17 19:29:35,266 | INFO | BLIP Caption: there are two people walking down a dirt road together
2026-06-17 19:29:38,119 | INFO | BLIP Caption: there are two people walking down a dirt road together
2026-06-17 19:29:42,255 | INFO | BLIP Caption: there is a man and woman walking down a dirt road
2026-06-17 19:29:45,961 | INFO | BLIP Caption: there is a man walking down a dirt road with a hat on
2026-06-17 19:29:49,724 | INFO | BLIP Caption: there is a man walking down a dirt road with a sign
2026-06-17 19:29:53,522 | INFO | BLIP Caption: there is a picture of a sign that says wake out for slc
2026-06-17 19:29:57,442 | INFO | BLIP Caption: arafed image of a man in a jungle with a sign that reads waves of for slc
2026-06-17 19:30:00,551 | INFO | BLIP Caption: there is a white statue of a person in the woods
2026-06-17 19:30:03,560 | INFO | BLIP Caption: arafed plastic bag hanging from a tree in the woods
2026-06-17 19:30:07,493 | INFO | BLIP Caption: there is a woman in a white dress holding a black bag
2026-06-17 19:30:11,588 | INFO | BLIP Caption: there is a woman in a wedding dress holding a green and white frisbee
2026-06-17 19:30:14,717 | INFO | BLIP Caption: there is a woman in a white dress holding a black tie
2026-06-17 19:30:17,610 | INFO | BLIP Caption: arafed image of a black and white photo of a wave of water
2026-06-17 19:30:21,169 | INFO | BLIP Caption: there is a man and a woman standing in the woods
2026-06-17 19:30:23,868 | INFO | BLIP Caption: there is a man sitting under a tree with a guitar
2026-06-17 19:30:27,369 | INFO | BLIP Caption: there is a picture of a man sitting under a tree
2026-06-17 19:30:30,909 | INFO | BLIP Caption: there is a sign that says waves off for slc
2026-06-17 19:30:35,256 | INFO | BLIP Caption: there is a sign that says waves off for us on the ground
2026-06-17 19:30:38,152 | INFO | BLIP Caption: arafed image of a monkey in a tree with a sign that says waves off for slc
2026-06-17 19:30:41,999 | INFO | BLIP Caption: arafed woman in red dress standing in the woods with a large tree
2026-06-17 19:30:45,402 | INFO | BLIP Caption: arafed image of a man standing in the woods with a sign
2026-06-17 19:30:48,460 | INFO | BLIP Caption: arafed man in red shirt standing in forest with trees
2026-06-17 19:30:51,828 | INFO | BLIP Caption: arafed image of a man in a red dress walking through the woods
2026-06-17 19:30:55,411 | INFO | BLIP Caption: arafed image of a man with a scarf and a red shirt
2026-06-17 19:30:57,932 | INFO | BLIP Caption: arafed man with long hair and beard standing in a forest
2026-06-17 19:31:02,132 | INFO | BLIP Caption: arafed man with long hair and a beard in a red scarf
2026-06-17 19:31:05,521 | INFO | BLIP Caption: arafed man with a beard and a red vest standing in the woods
2026-06-17 19:31:09,245 | INFO | BLIP Caption: there is a man with a beard and a tie walking in the woods
2026-06-17 19:31:12,013 | INFO | BLIP Caption: there is a man in a red shirt and a red scarf
2026-06-17 19:31:16,049 | INFO | BLIP Caption: arafed woman in red dress walking down a dirt road
2026-06-17 19:31:19,026 | INFO | BLIP Caption: there is a man standing in the woods with a sign
2026-06-17 19:31:22,626 | INFO | BLIP Caption: arafed image of a man walking down a dirt road with a sign that says waves off for slc
2026-06-17 19:31:25,740 | INFO | BLIP Caption: arafed man in a red dress standing in the woods
2026-06-17 19:31:29,313 | INFO | BLIP Caption: arafed woman in a red dress standing next to a red blanket
2026-06-17 19:31:32,546 | INFO | BLIP Caption: a close up of a woman in a red dress laying on the ground
2026-06-17 19:31:35,352 | INFO | BLIP Caption: there is a woman tied up to a man laying on the ground
2026-06-17 19:31:38,484 | INFO | BLIP Caption: there are two women sitting on the ground in the woods
2026-06-17 19:31:42,885 | INFO | BLIP Caption: there are two women sitting on the ground with a man laying on the ground
2026-06-17 19:31:46,872 | INFO | BLIP Caption: there are two women sitting on the ground with a man laying on the ground
2026-06-17 19:31:49,928 | INFO | BLIP Caption: there are two women sitting on the ground with a knife
2026-06-17 19:31:55,233 | INFO | BLIP Caption: there are two women sitting on the ground with a knife
2026-06-17 19:31:59,395 | INFO | BLIP Caption: arafed man sitting on the ground with a knife in his hand
2026-06-17 19:32:02,944 | INFO | BLIP Caption: a close up of a man sitting on the ground with a red scarf
2026-06-17 19:32:06,674 | INFO | BLIP Caption: a close up of a man sitting on a bench with a red scarf
2026-06-17 19:32:27,174 | INFO | BLIP Caption: there is a man holding a green umbrella in the woods
2026-06-17 19:32:56,140 | INFO | BLIP Caption: there is a man in a white robe and a woman in a red dress
2026-06-17 19:33:27,326 | INFO | BLIP Caption: there is a man that is holding a woman in his lap
2026-06-17 19:33:59,579 | INFO | BLIP Caption: there is a woman sitting on a man ' s lap with a cell phone
2026-06-17 19:34:28,868 | INFO | BLIP Caption: a close up of a woman hugging a man in a field
2026-06-17 19:34:59,752 | INFO | BLIP Caption: a close up of a woman hugging a man in a field
2026-06-17 19:35:28,046 | INFO | BLIP Caption: there is a woman holding a baby in her lap
2026-06-17 19:35:58,150 | INFO | BLIP Caption: a close up of a woman hugging a man in a field
2026-06-17 19:36:26,113 | INFO | BLIP Caption: there is a woman hugging a man in a dress
2026-06-17 19:36:50,169 | INFO | BLIP Caption: there is a woman hugging a man in a white dress
2026-06-17 19:37:17,559 | INFO | BLIP Caption: there is a woman sitting on a bench with a man
2026-06-17 19:37:45,860 | INFO | BLIP Caption: there is a woman sitting on a bench with a man
2026-06-17 19:38:15,058 | INFO | BLIP Caption: there is a woman sitting on a bench with a man hugging her
2026-06-17 19:38:44,245 | INFO | BLIP Caption: there is a woman sitting on a bed with a man
2026-06-17 19:39:12,391 | INFO | BLIP Caption: there is a woman sitting on a bed with a man in a crown
2026-06-17 19:39:41,136 | INFO | BLIP Caption: there is a woman sitting on a bench with a man
2026-06-17 19:40:08,400 | INFO | BLIP Caption: there is a woman sitting on a bench with a flower in her hair
2026-06-17 19:40:37,000 | INFO | BLIP Caption: there is a woman sitting on a bed with a man in a dress
2026-06-17 19:41:02,441 | INFO | BLIP Caption: there is a woman sitting on a man ' s lap with a sign that says waves off for slc
2026-06-17 19:41:29,164 | INFO | BLIP Caption: there is a woman laying on a bed with a red blanket
2026-06-17 19:42:10,994 | INFO | BLIP Caption: there is a woman laying on a bed with a man in the background
2026-06-17 19:42:39,618 | INFO | BLIP Caption: there is a woman laying on a bed with a red blanket
2026-06-17 19:43:07,969 | INFO | BLIP Caption: a close up of a person holding a red blanket over their head
2026-06-17 19:43:35,451 | INFO | BLIP Caption: there are two men that are posing for a picture together
2026-06-17 19:43:55,663 | INFO | BLIP Caption: there is a man and woman posing for a picture together
2026-06-17 19:44:23,754 | INFO | BLIP Caption: there is a man and woman posing for a picture together
2026-06-17 19:44:45,412 | INFO | BLIP Caption: there is a man and woman posing for a picture together
2026-06-17 19:45:16,758 | INFO | BLIP Caption: there is a man and woman posing for a picture together
2026-06-17 19:45:47,581 | INFO | BLIP Caption: there is a man and woman hugging each other in the woods
2026-06-17 19:45:52,907 | INFO | BLIP Caption: there is a man and woman posing for a picture together
2026-06-17 19:45:57,553 | INFO | BLIP Caption: there is a man and woman posing for a picture together
2026-06-17 19:46:18,695 | INFO | BLIP Caption: a close up of a man and woman posing for a picture
2026-06-17 19:46:57,456 | INFO | BLIP Caption: a close up of a woman in a white shawl in a forest
2026-06-17 19:47:26,822 | INFO | BLIP Caption: a close up of a person in a white shawl and a tree
2026-06-17 19:47:30,427 | INFO | BLIP Caption: a close up of a person in a white robe holding a knife
2026-06-17 19:47:33,332 | INFO | BLIP Caption: arafsic woman in white scarf standing in the woods
2026-06-17 19:47:45,009 | INFO | BLIP Caption: there is a woman in a white shawl holding a cell phone
2026-06-17 19:47:48,160 | INFO | BLIP Caption: a close up of two women in saris hugging each other
2026-06-17 19:47:50,022 | INFO | BLIP Caption: there is a man and woman posing for a picture together
2026-06-17 19:47:51,782 | INFO | BLIP Caption: arafed image of a man and woman posing for a picture
2026-06-17 19:47:53,639 | INFO | BLIP Caption: there is a man and woman hugging each other in the woods
2026-06-17 19:47:55,513 | INFO | BLIP Caption: there is a man and woman posing for a picture together
2026-06-17 19:47:57,294 | INFO | BLIP Caption: there are two people that are sitting together in the grass
2026-06-17 19:48:00,687 | INFO | BLIP Caption: there is a man and woman that are posing for a picture
2026-06-17 19:48:04,467 | INFO | BLIP Caption: there is a woman and a man sitting together in the woods
2026-06-17 19:48:08,150 | INFO | BLIP Caption: there are two women sitting together smiling and laughing
2026-06-17 19:48:11,186 | INFO | BLIP Caption: arafed image of a man and woman in a red shirt
2026-06-17 19:48:14,331 | INFO | BLIP Caption: there is a man and woman that are standing together
