2026-05-09 07:56:55,301  WARNING   tensorflow  From C:\Users\Aditi P\Desktop\Intelligent-cc-generation\.venv\Lib\site-packages\keras\src\losses.py:2976: The name tf.losses.sparse_softmax_cross_entropy is deprecated. Please use tf.compat.v1.losses.sparse_softmax_cross_entropy instead.

2026-05-09 07:57:03,078  INFO      absl  Using C:\Users\ADITIP~1\AppData\Local\Temp\tfhub_modules to cache modules.
2026-05-09 07:57:03,280  WARNING   tensorflow  From C:\Users\Aditi P\Desktop\Intelligent-cc-generation\.venv\Lib\site-packages\tensorflow_hub\resolver.py:120: The name tf.gfile.MakeDirs is deprecated. Please use tf.io.gfile.makedirs instead.

2026-05-09 07:57:03,288  WARNING   tensorflow  From C:\Users\Aditi P\Desktop\Intelligent-cc-generation\.venv\Lib\site-packages\tensorflow_hub\module_v2.py:126: The name tf.saved_model.load_v2 is deprecated. Please use tf.compat.v2.saved_model.load instead.

2026-05-09 07:57:06,657  INFO      absl  Fingerprint not found. Saved model loading will continue.
2026-05-09 07:57:06,658  INFO      absl  path_and_singleprint metric could not be logged. Saved model loading will continue.
2026-05-09 07:57:49,650  WARNING   tensorflow  From C:\Users\Aditi P\Desktop\Intelligent-cc-generation\.venv\Lib\site-packages\keras\src\losses.py:2976: The name tf.losses.sparse_softmax_cross_entropy is deprecated. Please use tf.compat.v1.losses.sparse_softmax_cross_entropy instead.

2026-05-09 07:57:50,718  INFO      absl  Using C:\Users\ADITIP~1\AppData\Local\Temp\tfhub_modules to cache modules.
2026-05-09 07:57:50,912  WARNING   tensorflow  From C:\Users\Aditi P\Desktop\Intelligent-cc-generation\.venv\Lib\site-packages\tensorflow_hub\resolver.py:120: The name tf.gfile.MakeDirs is deprecated. Please use tf.io.gfile.makedirs instead.

2026-05-09 07:57:50,917  WARNING   tensorflow  From C:\Users\Aditi P\Desktop\Intelligent-cc-generation\.venv\Lib\site-packages\tensorflow_hub\module_v2.py:126: The name tf.saved_model.load_v2 is deprecated. Please use tf.compat.v2.saved_model.load instead.

2026-05-09 07:57:54,838  INFO      absl  Fingerprint not found. Saved model loading will continue.
2026-05-09 07:57:54,838  INFO      absl  path_and_singleprint metric could not be logged. Saved model loading will continue.
2026-05-09 07:58:19,248  WARNING   tensorflow  From C:\Users\Aditi P\Desktop\Intelligent-cc-generation\.venv\Lib\site-packages\keras\src\losses.py:2976: The name tf.losses.sparse_softmax_cross_entropy is deprecated. Please use tf.compat.v1.losses.sparse_softmax_cross_entropy instead.

2026-05-09 07:58:20,192  INFO      absl  Using C:\Users\ADITIP~1\AppData\Local\Temp\tfhub_modules to cache modules.
2026-05-09 07:58:20,362  WARNING   tensorflow  From C:\Users\Aditi P\Desktop\Intelligent-cc-generation\.venv\Lib\site-packages\tensorflow_hub\resolver.py:120: The name tf.gfile.MakeDirs is deprecated. Please use tf.io.gfile.makedirs instead.

2026-05-09 07:58:20,368  WARNING   tensorflow  From C:\Users\Aditi P\Desktop\Intelligent-cc-generation\.venv\Lib\site-packages\tensorflow_hub\module_v2.py:126: The name tf.saved_model.load_v2 is deprecated. Please use tf.compat.v2.saved_model.load instead.

2026-05-09 07:58:23,385  INFO      absl  Fingerprint not found. Saved model loading will continue.
2026-05-09 07:58:23,386  INFO      absl  path_and_singleprint metric could not be logged. Saved model loading will continue.
2026-05-09 08:02:00,787  WARNING   tensorflow  From C:\Users\Aditi P\Desktop\Intelligent-cc-generation\.venv\Lib\site-packages\keras\src\losses.py:2976: The name tf.losses.sparse_softmax_cross_entropy is deprecated. Please use tf.compat.v1.losses.sparse_softmax_cross_entropy instead.

2026-05-09 08:02:03,986  INFO      absl  Using C:\Users\ADITIP~1\AppData\Local\Temp\tfhub_modules to cache modules.
2026-05-09 08:02:04,559  WARNING   tensorflow  From C:\Users\Aditi P\Desktop\Intelligent-cc-generation\.venv\Lib\site-packages\tensorflow_hub\resolver.py:120: The name tf.gfile.MakeDirs is deprecated. Please use tf.io.gfile.makedirs instead.

2026-05-09 08:02:04,574  WARNING   tensorflow  From C:\Users\Aditi P\Desktop\Intelligent-cc-generation\.venv\Lib\site-packages\tensorflow_hub\module_v2.py:126: The name tf.saved_model.load_v2 is deprecated. Please use tf.compat.v2.saved_model.load instead.

2026-05-09 08:02:18,619  INFO      absl  Fingerprint not found. Saved model loading will continue.
2026-05-09 08:02:18,620  INFO      absl  path_and_singleprint metric could not be logged. Saved model loading will continue.
2026-05-09 08:05:16,302  WARNING   tensorflow  From C:\Users\Aditi P\Desktop\Intelligent-cc-generation\.venv\Lib\site-packages\keras\src\losses.py:2976: The name tf.losses.sparse_softmax_cross_entropy is deprecated. Please use tf.compat.v1.losses.sparse_softmax_cross_entropy instead.

2026-05-09 08:05:23,135  INFO      absl  Using C:\Users\ADITIP~1\AppData\Local\Temp\tfhub_modules to cache modules.
2026-05-09 08:05:24,375  WARNING   tensorflow  From C:\Users\Aditi P\Desktop\Intelligent-cc-generation\.venv\Lib\site-packages\tensorflow_hub\resolver.py:120: The name tf.gfile.MakeDirs is deprecated. Please use tf.io.gfile.makedirs instead.

2026-05-09 08:05:24,399  WARNING   tensorflow  From C:\Users\Aditi P\Desktop\Intelligent-cc-generation\.venv\Lib\site-packages\tensorflow_hub\module_v2.py:126: The name tf.saved_model.load_v2 is deprecated. Please use tf.compat.v2.saved_model.load instead.

2026-05-09 08:05:49,941  INFO      absl  Fingerprint not found. Saved model loading will continue.
2026-05-09 08:05:49,942  INFO      absl  path_and_singleprint metric could not be logged. Saved model loading will continue.
