2026-06-24 17:34:03,063 | INFO | Vision extraction: 453 frames over 22.7 min (20 FPM)
2026-06-24 17:34:12,443 | INFO | [0.0s] scene='The image is a black background with white text in Hindi. The text reads "Episod' | hints=[] | expr=[]
2026-06-24 17:34:12,508 | INFO | [3.0s] skip unstable frame (diff=36.5)
2026-06-24 17:34:17,658 | INFO | [6.0s] scene='The trees have thick trunks and the ground is covered in greenery. In the center' | hints=['insects buzzing', 'branch creak', 'footsteps on dirt'] | expr=[]
2026-06-24 17:34:24,848 | INFO | [9.0s] scene='The image is a still from a video titled "WAVES OTT FOR SLC". It shows a person ' | hints=['insects buzzing', 'branch creak', 'footsteps on dirt'] | expr=[]
2026-06-24 17:34:32,518 | INFO | [12.0s] scene='The trees have thick trunks and the ground is covered in greenery. In the center' | hints=['insects buzzing', 'branch creak', 'footsteps on dirt'] | expr=[]
2026-06-24 17:34:32,603 | INFO | [15.0s] skip unstable frame (diff=25.1)
2026-06-24 17:34:41,353 | INFO | [18.0s] scene='The image is a still from a video titled "WAVES OTT FOR SLC". It shows a person ' | hints=['wind', 'birds chirping', 'drums'] | expr=[]
2026-06-24 17:34:47,043 | INFO | [21.0s] scene='In the center of the image, there is a text that reads "WAVES OTT FOR SLC". The ' | hints=['insects buzzing', 'branch creak', 'footsteps on dirt'] | expr=[]
2026-06-24 17:34:47,103 | INFO | [24.1s] skip unstable frame (diff=30.2)
2026-06-24 17:34:47,153 | INFO | [27.1s] skip unstable frame (diff=30.0)
2026-06-24 17:34:47,199 | INFO | [30.1s] skip unstable frame (diff=30.3)
2026-06-24 17:34:47,249 | INFO | [33.1s] skip unstable frame (diff=32.7)
2026-06-24 17:34:47,297 | INFO | [36.1s] skip unstable frame (diff=30.6)
2026-06-24 17:34:47,349 | INFO | [39.1s] skip unstable frame (diff=27.4)
2026-06-24 17:34:47,405 | INFO | [42.1s] skip unstable frame (diff=29.7)
2026-06-24 17:34:47,483 | INFO | [45.2s] skip unstable frame (diff=25.6)
2026-06-24 17:34:54,741 | INFO | [48.2s] scene='The image is a still from a video titled "WAVES OTT FOR SLC". It shows a person ' | hints=['insects buzzing', 'branch creak', 'footsteps on dirt'] | expr=[]
2026-06-24 17:35:00,689 | INFO | [51.2s] scene='The image is a black and white photograph of a forest. In the center of the imag' | hints=['insects buzzing', 'branch creak', 'footsteps on dirt'] | expr=[]
2026-06-24 17:35:00,756 | INFO | [54.2s] skip unstable frame (diff=40.8)
2026-06-24 17:35:00,813 | INFO | [57.2s] skip unstable frame (diff=34.9)
2026-06-24 17:35:00,869 | INFO | [60.2s] skip unstable frame (diff=25.4)
2026-06-24 17:35:09,323 | INFO | [63.2s] scene='The image shows two women standing in a field of tall grass and bushes. They are' | hints=['insects buzzing', 'branch creak', 'footsteps on dirt'] | expr=[]
2026-06-24 17:35:17,651 | INFO | [66.2s] scene='The image shows two women standing in a field of tall grass and bushes. They are' | hints=['insects buzzing', 'branch creak', 'footsteps on dirt'] | expr=[]
2026-06-24 17:35:24,691 | INFO | [69.2s] scene='The image shows a man and a woman walking through a field of tall grass and bush' | hints=['insects buzzing', 'branch creak', 'footsteps on dirt'] | expr=[]
2026-06-24 17:35:30,793 | INFO | [72.2s] scene='The image shows a man and a woman standing in a field of tall grass. They are ho' | hints=['insects buzzing', 'branch creak', 'footsteps on dirt'] | expr=[]
2026-06-24 17:35:36,823 | INFO | [75.2s] scene='The image shows a man and a woman standing in a field of tall grass. They are ho' | hints=['insects buzzing', 'branch creak', 'footsteps on dirt'] | expr=[]
2026-06-24 17:35:43,648 | INFO | [78.3s] scene='The man on the left is wearing a red shirt and is holding a white bag, while the' | hints=['wind over water', 'wind', 'birds chirping'] | expr=[]
2026-06-24 17:35:43,723 | INFO | [81.3s] skip unstable frame (diff=48.3)
2026-06-24 17:35:43,817 | INFO | [84.3s] skip unstable frame (diff=42.7)
2026-06-24 17:35:43,898 | INFO | [87.3s] skip unstable frame (diff=35.0)
2026-06-24 17:35:44,023 | INFO | [90.3s] skip unstable frame (diff=30.6)
2026-06-24 17:35:51,803 | INFO | [93.3s] scene='The image shows three people, two men and a woman, standing in a wooded area. Th' | hints=['insects buzzing', 'branch creak', 'footsteps on dirt'] | expr=[]
2026-06-24 17:35:51,876 | INFO | [96.3s] skip unstable frame (diff=32.9)
2026-06-24 17:35:51,943 | INFO | [99.4s] skip unstable frame (diff=34.2)
2026-06-24 17:35:52,053 | INFO | [102.4s] skip unstable frame (diff=41.0)
2026-06-24 17:36:02,093 | INFO | [105.4s] scene='The image shows three people sitting on the ground in a wooded area. He is sitti' | hints=['insects buzzing', 'branch creak', 'footsteps on dirt'] | expr=[]
2026-06-24 17:36:12,528 | INFO | [108.4s] scene='The image shows three people sitting on the ground in a wooded area. He is sitti' | hints=['wind over water', 'wind', 'birds chirping'] | expr=[]
2026-06-24 17:36:21,593 | INFO | [111.4s] scene='The image shows three people sitting on the ground in a wooded area. He is sitti' | hints=['wind over water', 'wind', 'birds chirping'] | expr=[]
2026-06-24 17:36:28,973 | INFO | [114.4s] scene='The image shows three people sitting on the ground in a wooded area. He is sitti' | hints=['wind over water', 'wind', 'birds chirping'] | expr=[]
2026-06-24 17:36:35,930 | INFO | [117.4s] scene='The image shows three people sitting on the ground in a wooded area. He is sitti' | hints=['wind over water', 'wind', 'birds chirping'] | expr=[]
2026-06-24 17:36:42,927 | INFO | [120.4s] scene='The image shows three people sitting on the ground in a wooded area. He is sitti' | hints=['wind over water', 'wind', 'birds chirping'] | expr=[]
2026-06-24 17:36:43,000 | INFO | [123.4s] skip unstable frame (diff=37.7)
2026-06-24 17:36:43,049 | INFO | [126.4s] skip unstable frame (diff=37.9)
2026-06-24 17:36:43,101 | INFO | [129.4s] skip unstable frame (diff=31.3)
2026-06-24 17:36:43,151 | INFO | [132.5s] skip unstable frame (diff=46.9)
2026-06-24 17:36:49,076 | INFO | [135.5s] scene='The image shows a young boy wrapped in a white blanket, standing in a wooded are' | hints=['insects buzzing', 'branch creak', 'footsteps on dirt'] | expr=[]
2026-06-24 17:36:49,129 | INFO | [138.5s] skip unstable frame (diff=44.1)
2026-06-24 17:36:56,568 | INFO | [141.5s] scene='The image is a still from a movie or TV show. It shows a close-up of a man's fac' | hints=['insects buzzing', 'branch creak', 'footsteps on dirt'] | expr=[]
2026-06-24 17:37:03,746 | INFO | [144.5s] scene='The image is a still from a movie or TV show. It shows a close-up of a man's fac' | hints=['insects buzzing', 'branch creak', 'footsteps on dirt'] | expr=[]
2026-06-24 17:37:10,518 | INFO | [147.5s] scene='The image is a still from a movie or TV show. It shows a close-up of a man's fac' | hints=['insects buzzing', 'branch creak', 'footsteps on dirt'] | expr=[]
2026-06-24 17:37:10,586 | INFO | [150.5s] skip unstable frame (diff=39.9)
2026-06-24 17:37:16,014 | INFO | [153.5s] scene='The image is a still from a movie or TV show. It shows a young man wrapped in a ' | hints=['insects buzzing', 'branch creak', 'footsteps on dirt'] | expr=[]
2026-06-24 17:37:21,253 | INFO | [156.6s] scene='The person appears to be standing in a wooded area, with trees and bushes in the' | hints=['insects buzzing', 'branch creak', 'footsteps on dirt'] | expr=[]
2026-06-24 17:37:21,303 | INFO | [159.6s] skip unstable frame (diff=43.5)
2026-06-24 17:37:21,353 | INFO | [162.6s] skip unstable frame (diff=42.5)
2026-06-24 17:37:26,624 | INFO | [165.6s] scene='The image is a still from a movie or TV show. He is standing in a wooded area wi' | hints=['insects buzzing', 'branch creak', 'footsteps on dirt'] | expr=[]
2026-06-24 17:37:32,663 | INFO | [168.6s] scene='The image is a still from a movie or TV show. He is standing in a wooded area wi' | hints=['insects buzzing', 'branch creak', 'footsteps on dirt'] | expr=[]
2026-06-24 17:37:38,883 | INFO | [171.6s] scene='The person appears to be standing in a wooded area, with trees and bushes in the' | hints=['insects buzzing', 'branch creak', 'footsteps on dirt'] | expr=[]
2026-06-24 17:37:38,966 | INFO | [174.6s] skip unstable frame (diff=53.0)
2026-06-24 17:37:39,039 | INFO | [177.6s] skip unstable frame (diff=51.2)
2026-06-24 17:37:46,183 | INFO | [180.6s] scene='The image is a still from a movie or TV show. It shows a close-up of a woman's f' | hints=['insects buzzing', 'branch creak', 'footsteps on dirt'] | expr=[]
2026-06-24 17:37:46,245 | INFO | [183.6s] skip unstable frame (diff=41.3)
2026-06-24 17:37:46,322 | INFO | [186.7s] skip unstable frame (diff=44.3)
2026-06-24 17:37:52,415 | INFO | [189.7s] scene='The image shows a young boy wrapped in a white blanket, peeking out from behind ' | hints=['insects buzzing', 'branch creak', 'footsteps on dirt'] | expr=[]
2026-06-24 17:37:52,501 | INFO | [192.7s] skip unstable frame (diff=30.3)
2026-06-24 17:37:52,550 | INFO | [195.7s] skip unstable frame (diff=53.2)
2026-06-24 17:38:00,188 | INFO | [198.7s] scene='The image is a still from a video. It shows a person walking through a field of ' | hints=['wind over water', 'wind', 'birds chirping'] | expr=[]
2026-06-24 17:38:00,249 | INFO | [201.7s] skip unstable frame (diff=25.8)
2026-06-24 17:38:00,303 | INFO | [204.7s] skip unstable frame (diff=32.1)
2026-06-24 17:38:00,352 | INFO | [207.7s] skip unstable frame (diff=29.8)
2026-06-24 17:38:00,403 | INFO | [210.8s] skip unstable frame (diff=33.3)
2026-06-24 17:38:00,453 | INFO | [213.8s] skip unstable frame (diff=48.4)
2026-06-24 17:38:00,505 | INFO | [216.8s] skip unstable frame (diff=35.6)
2026-06-24 17:38:00,563 | INFO | [219.8s] skip unstable frame (diff=69.8)
2026-06-24 17:38:00,647 | INFO | [222.8s] skip unstable frame (diff=69.3)
2026-06-24 17:38:00,723 | INFO | [225.8s] skip unstable frame (diff=44.3)
2026-06-24 17:38:00,797 | INFO | [228.8s] skip unstable frame (diff=39.9)
2026-06-24 17:38:00,898 | INFO | [231.8s] skip unstable frame (diff=41.7)
2026-06-24 17:38:00,991 | INFO | [234.8s] skip unstable frame (diff=34.4)
2026-06-24 17:38:01,060 | INFO | [237.8s] skip unstable frame (diff=27.2)
2026-06-24 17:38:01,128 | INFO | [240.8s] skip unstable frame (diff=31.2)
2026-06-24 17:38:01,192 | INFO | [243.9s] skip unstable frame (diff=38.7)
2026-06-24 17:38:01,246 | INFO | [246.9s] skip unstable frame (diff=45.3)
2026-06-24 17:38:01,313 | INFO | [249.9s] skip unstable frame (diff=34.8)
2026-06-24 17:38:01,393 | INFO | [252.9s] skip unstable frame (diff=40.6)
2026-06-24 17:38:01,459 | INFO | [255.9s] skip unstable frame (diff=38.8)
2026-06-24 17:38:08,916 | INFO | [258.9s] scene='The image shows a man with long hair and a beard walking through a forest. The b' | hints=['insects buzzing', 'branch creak', 'footsteps on dirt'] | expr=[]
2026-06-24 17:38:16,603 | INFO | [261.9s] scene='The image shows a man with long dark hair and a beard walking through a jungle-l' | hints=['insects buzzing', 'branch creak', 'footsteps on dirt'] | expr=[]
2026-06-24 17:38:16,723 | INFO | [265.0s] skip unstable frame (diff=39.8)
2026-06-24 17:38:16,837 | INFO | [268.0s] skip unstable frame (diff=49.6)
2026-06-24 17:38:16,937 | INFO | [271.0s] skip unstable frame (diff=30.4)
2026-06-24 17:38:17,006 | INFO | [274.0s] skip unstable frame (diff=35.9)
2026-06-24 17:38:17,088 | INFO | [277.0s] skip unstable frame (diff=78.5)
2026-06-24 17:38:17,178 | INFO | [280.0s] skip unstable frame (diff=71.4)
2026-06-24 17:38:17,274 | INFO | [283.0s] skip unstable frame (diff=25.5)
2026-06-24 17:38:17,356 | INFO | [286.0s] skip unstable frame (diff=30.2)
2026-06-24 17:38:17,455 | INFO | [289.0s] skip unstable frame (diff=30.1)
2026-06-24 17:38:17,518 | INFO | [292.0s] skip unstable frame (diff=65.5)
2026-06-24 17:38:17,616 | INFO | [295.0s] skip unstable frame (diff=49.5)
2026-06-24 17:38:25,718 | INFO | [298.1s] scene='The image is a still from a Tamil movie. It shows a man and a woman standing clo' | hints=['insects buzzing', 'branch creak', 'footsteps on dirt'] | expr=['smiling']
2026-06-24 17:38:32,383 | INFO | [301.1s] scene='The image is a still from a Malayalam movie. They are standing in a garden with ' | hints=['insects buzzing', 'branch creak', 'footsteps on dirt'] | expr=[]
2026-06-24 17:38:32,466 | INFO | [304.1s] skip unstable frame (diff=53.4)
2026-06-24 17:38:32,547 | INFO | [307.1s] skip unstable frame (diff=54.6)
2026-06-24 17:38:32,608 | INFO | [310.1s] skip unstable frame (diff=29.6)
2026-06-24 17:38:32,664 | INFO | [313.1s] skip unstable frame (diff=37.1)
2026-06-24 17:38:32,731 | INFO | [316.1s] skip unstable frame (diff=39.9)
2026-06-24 17:38:32,790 | INFO | [319.2s] skip unstable frame (diff=25.4)
2026-06-24 17:38:32,845 | INFO | [322.2s] skip unstable frame (diff=50.0)
2026-06-24 17:38:39,245 | INFO | [325.2s] scene='The image shows a woman wearing a white headscarf, standing in a forest. She app' | hints=['insects buzzing', 'branch creak', 'footsteps on dirt'] | expr=[]
2026-06-24 17:38:39,307 | INFO | [328.2s] skip unstable frame (diff=51.7)
2026-06-24 17:38:45,123 | INFO | [331.2s] scene='The image is a still from a Tamil movie. They are standing in a garden with gree' | hints=['insects buzzing', 'branch creak', 'footsteps on dirt'] | expr=[]
2026-06-24 17:38:52,643 | INFO | [334.2s] scene='The image shows a man and a woman embracing each other in a romantic manner. The' | hints=['insects buzzing', 'branch creak', 'footsteps on dirt'] | expr=[]
2026-06-24 17:38:52,721 | INFO | [337.2s] skip unstable frame (diff=48.8)
2026-06-24 17:39:00,159 | INFO | [340.2s] scene='The image is a still from a movie or TV show. It shows a woman wearing a white h' | hints=['wind over water', 'wind', 'birds chirping'] | expr=[]
2026-06-24 17:39:07,103 | INFO | [343.2s] scene='The image is a still from a movie or TV show. It shows a young woman wearing a w' | hints=['insects buzzing', 'branch creak', 'footsteps on dirt'] | expr=[]
2026-06-24 17:39:14,333 | INFO | [346.2s] scene='The image is a still from a movie or TV show. She is standing in a wooded area w' | hints=['insects buzzing', 'branch creak', 'footsteps on dirt'] | expr=[]
2026-06-24 17:39:20,598 | INFO | [349.2s] scene='The image is a still from a movie or TV show. It shows a young woman wearing a w' | hints=['insects buzzing', 'branch creak', 'footsteps on dirt'] | expr=[]
2026-06-24 17:39:20,667 | INFO | [352.3s] skip unstable frame (diff=55.3)
2026-06-24 17:39:20,735 | INFO | [355.3s] skip unstable frame (diff=36.4)
2026-06-24 17:39:20,783 | INFO | [358.3s] skip unstable frame (diff=35.3)
2026-06-24 17:39:27,110 | INFO | [361.3s] scene='The image shows three people sitting on the ground under a tree. All three peopl' | hints=['insects buzzing', 'branch creak', 'footsteps on dirt'] | expr=[]
2026-06-24 17:39:37,175 | INFO | [364.3s] scene='The image shows three people sitting on the ground in a forested area. He is sit' | hints=['insects buzzing', 'branch creak', 'footsteps on dirt'] | expr=[]
2026-06-24 17:40:01,938 | INFO | [367.3s] scene='The image shows three people sitting on the ground in a forested area. The perso' | hints=['wind over water', 'wind', 'birds chirping'] | expr=[]
2026-06-24 17:40:14,358 | INFO | [370.3s] scene='The image shows three people sitting on a woven mat under a tree. The man in the' | hints=['wind over water', 'wind', 'birds chirping'] | expr=[]
2026-06-24 17:40:27,128 | INFO | [373.4s] scene='The image shows three people sitting on a woven mat under a tree. He is holding ' | hints=['wind over water', 'wind', 'birds chirping'] | expr=['concerned']
2026-06-24 17:40:56,148 | INFO | [376.4s] scene='The image shows three people sitting on a bamboo mat in a forest. The person on ' | hints=['insects buzzing', 'branch creak', 'footsteps on dirt'] | expr=[]
2026-06-24 17:41:31,792 | INFO | [379.4s] scene='The image shows three people sitting on a bamboo mat in a forest. He is sitting ' | hints=['wind over water', 'wind', 'birds chirping'] | expr=[]
2026-06-24 17:42:05,702 | INFO | [382.4s] scene='The image shows three people sitting on a woven mat under a tree. The man in the' | hints=['insects buzzing', 'branch creak', 'footsteps on dirt'] | expr=[]
2026-06-24 17:42:38,453 | INFO | [385.4s] scene='The image shows three people sitting on a woven mat under a tree. He is sitting ' | hints=['wind over water', 'crickets chirping', 'wind'] | expr=[]
2026-06-24 17:43:11,714 | INFO | [388.4s] scene='The image shows three people sitting on a woven mat in a garden. He is sitting w' | hints=['wind over water', 'wind', 'birds chirping'] | expr=[]
2026-06-24 17:43:58,400 | INFO | [391.4s] scene='The image shows three people sitting on a bamboo mat in a forest. The person in ' | hints=['wind over water', 'wind', 'birds chirping'] | expr=[]
2026-06-24 17:43:58,547 | INFO | [394.4s] skip unstable frame (diff=45.3)
2026-06-24 17:44:34,455 | INFO | [397.4s] scene='The image shows a group of people walking on a dirt path in a forest. They appea' | hints=['wind over water', 'wind', 'birds chirping'] | expr=[]
2026-06-24 17:44:48,235 | INFO | [400.4s] scene='The image shows a person walking on a dirt path in a forest. The image appears t' | hints=['insects buzzing', 'branch creak', 'footsteps on dirt'] | expr=[]
2026-06-24 17:45:03,662 | INFO | [403.4s] scene='The image shows a group of people walking on a dirt path in a forest. In the cen' | hints=['wind over water', 'wind', 'birds chirping'] | expr=[]
2026-06-24 17:45:03,825 | INFO | [406.5s] skip unstable frame (diff=33.5)
2026-06-24 17:45:03,913 | INFO | [409.5s] skip unstable frame (diff=30.9)
2026-06-24 17:45:04,013 | INFO | [412.5s] skip unstable frame (diff=25.9)
2026-06-24 17:45:21,258 | INFO | [415.5s] scene='The image shows three people standing in a field with tall grass and trees in th' | hints=['insects buzzing', 'branch creak', 'footsteps on dirt'] | expr=[]
2026-06-24 17:45:35,256 | INFO | [418.5s] scene='The image shows three people walking in a field with tall grass and trees in the' | hints=['insects buzzing', 'branch creak', 'footsteps on dirt'] | expr=[]
2026-06-24 17:45:35,327 | INFO | [421.5s] skip unstable frame (diff=38.4)
2026-06-24 17:45:48,679 | INFO | [424.5s] scene='The image shows two women walking in a field with tall grass and trees in the ba' | hints=['wind over water', 'wind', 'birds chirping'] | expr=[]
2026-06-24 17:46:03,307 | INFO | [427.5s] scene='The image shows two women standing in a field with tall grass and trees in the b' | hints=['insects buzzing', 'branch creak', 'footsteps on dirt'] | expr=[]
2026-06-24 17:46:12,773 | INFO | [430.6s] scene='The image shows two people, a man and a woman, standing in a field with tall gra' | hints=['insects buzzing', 'branch creak', 'footsteps on dirt'] | expr=[]
2026-06-24 17:46:24,100 | INFO | [433.6s] scene='The image shows two people standing in a field with tall grass and trees in the ' | hints=['insects buzzing', 'branch creak', 'footsteps on dirt'] | expr=[]
2026-06-24 17:46:39,209 | INFO | [436.6s] scene='The image shows three people standing in a field with tall grass and trees in th' | hints=['insects buzzing', 'branch creak', 'footsteps on dirt'] | expr=[]
2026-06-24 17:46:49,842 | INFO | [439.6s] scene='The image shows a group of four people standing in a field with tall grass and t' | hints=['insects buzzing', 'branch creak', 'footsteps on dirt'] | expr=[]
2026-06-24 17:47:23,088 | INFO | [442.6s] scene='The image shows a group of four people standing in a field with tall grass and t' | hints=['insects buzzing', 'branch creak', 'footsteps on dirt'] | expr=[]
2026-06-24 17:47:35,295 | INFO | [445.6s] scene='The image shows a group of four people standing in a field with tall grass and t' | hints=['insects buzzing', 'branch creak', 'footsteps on dirt'] | expr=[]
2026-06-24 17:47:42,273 | INFO | [448.6s] scene='The image shows a group of four people standing in a field with tall grass and t' | hints=['insects buzzing', 'branch creak', 'footsteps on dirt'] | expr=[]
2026-06-24 17:47:52,676 | INFO | [451.6s] scene='The image shows a group of four people standing in a field with tall grass and t' | hints=['wind over water', 'wind', 'birds chirping'] | expr=[]
2026-06-24 17:48:01,046 | INFO | [454.6s] scene='The image shows a group of four people standing in a field with tall grass and t' | hints=['insects buzzing', 'branch creak', 'footsteps on dirt'] | expr=[]
2026-06-24 17:48:07,217 | INFO | [457.6s] scene='The image shows a group of four people standing in a field with tall grass and t' | hints=['insects buzzing', 'branch creak', 'footsteps on dirt'] | expr=[]
2026-06-24 17:48:14,720 | INFO | [460.6s] scene='The image shows a group of four people standing in a field with tall grass and t' | hints=['insects buzzing', 'branch creak', 'footsteps on dirt'] | expr=[]
2026-06-24 17:48:21,727 | INFO | [463.7s] scene='The image shows a group of four people standing in a field with tall grass and t' | hints=['insects buzzing', 'branch creak', 'footsteps on dirt'] | expr=[]
2026-06-24 17:48:28,699 | INFO | [466.7s] scene='The image shows a group of four people standing in a field with tall grass and t' | hints=['insects buzzing', 'branch creak', 'footsteps on dirt'] | expr=[]
2026-06-24 17:48:35,074 | INFO | [469.7s] scene='The image shows a group of four people standing in a field with tall grass and t' | hints=['insects buzzing', 'branch creak', 'footsteps on dirt'] | expr=[]
2026-06-24 17:48:41,517 | INFO | [472.7s] scene='The image shows a group of four people standing in a field with tall grass and t' | hints=['insects buzzing', 'branch creak', 'footsteps on dirt'] | expr=[]
2026-06-24 17:48:47,518 | INFO | [475.7s] scene='The image shows a group of four people standing in a field with tall grass and t' | hints=['insects buzzing', 'branch creak', 'footsteps on dirt'] | expr=[]
2026-06-24 17:48:53,013 | INFO | [478.7s] scene='The image shows a group of four people standing in a field with tall grass and t' | hints=['insects buzzing', 'branch creak', 'footsteps on dirt'] | expr=[]
2026-06-24 17:48:59,019 | INFO | [481.7s] scene='The image shows a group of four people standing in a field with tall grass and t' | hints=['insects buzzing', 'branch creak', 'footsteps on dirt'] | expr=[]
2026-06-24 17:49:04,803 | INFO | [484.8s] scene='The image shows a group of four people standing in a field with tall grass and t' | hints=['insects buzzing', 'branch creak', 'footsteps on dirt'] | expr=[]
2026-06-24 17:49:12,299 | INFO | [487.8s] scene='The image shows a group of four people standing in a field with tall grass and t' | hints=['insects buzzing', 'branch creak', 'footsteps on dirt'] | expr=[]
2026-06-24 17:49:18,886 | INFO | [490.8s] scene='The image shows a group of four people standing in a field with tall grass and t' | hints=['insects buzzing', 'branch creak', 'footsteps on dirt'] | expr=[]
2026-06-24 17:49:24,618 | INFO | [493.8s] scene='The image shows a group of four people standing in a field with tall grass and t' | hints=['insects buzzing', 'branch creak', 'footsteps on dirt'] | expr=[]
2026-06-24 17:49:30,837 | INFO | [496.8s] scene='The image shows a group of four people standing in a field with tall grass and t' | hints=['insects buzzing', 'branch creak', 'footsteps on dirt'] | expr=[]
2026-06-24 17:49:38,225 | INFO | [499.8s] scene='The image shows a group of four people standing in a field with tall grass and t' | hints=['insects buzzing', 'branch creak', 'footsteps on dirt'] | expr=[]
2026-06-24 17:49:38,320 | INFO | [502.8s] skip unstable frame (diff=51.5)
2026-06-24 17:49:45,192 | INFO | [505.8s] scene='The image shows a group of four people standing in a field. They appear to be en' | hints=['insects buzzing', 'branch creak', 'footsteps on dirt'] | expr=[]
2026-06-24 17:49:51,381 | INFO | [508.8s] scene='The image shows three people standing in a field with trees in the background. H' | hints=['insects buzzing', 'branch creak', 'footsteps on dirt'] | expr=[]
2026-06-24 17:49:57,445 | INFO | [511.8s] scene='The image shows three people standing in a field with trees in the background. T' | hints=['insects buzzing', 'branch creak', 'footsteps on dirt'] | expr=[]
2026-06-24 17:50:03,352 | INFO | [514.8s] scene='The image shows three people standing in a field with trees in the background. A' | hints=['insects buzzing', 'branch creak', 'footsteps on dirt'] | expr=[]
2026-06-24 17:50:16,267 | INFO | [517.9s] scene='The image shows three people, two men and a woman, standing in a field with tree' | hints=['insects buzzing', 'branch creak', 'footsteps on dirt'] | expr=[]
2026-06-24 17:50:22,565 | INFO | [520.9s] scene='The image shows a group of three people standing in a field. She appears to be l' | hints=['insects buzzing', 'branch creak', 'footsteps on dirt'] | expr=[]
2026-06-24 17:50:28,757 | INFO | [523.9s] scene='The image shows three men standing in a field with trees in the background. The ' | hints=['insects buzzing', 'branch creak', 'footsteps on dirt'] | expr=[]
2026-06-24 17:50:38,985 | INFO | [526.9s] scene='The image shows a group of three people, two men and a woman, standing in a fiel' | hints=['insects buzzing', 'branch creak', 'footsteps on dirt'] | expr=[]
2026-06-24 17:50:50,503 | INFO | [529.9s] scene='The image shows three men standing in a field with trees in the background. He i' | hints=['insects buzzing', 'branch creak', 'footsteps on dirt'] | expr=[]
2026-06-24 17:50:57,227 | INFO | [532.9s] scene='The image shows three men standing in a field with trees in the background. He i' | hints=['insects buzzing', 'branch creak', 'footsteps on dirt'] | expr=[]
2026-06-24 17:51:07,099 | INFO | [535.9s] scene='The image shows three men standing in a field with trees in the background. He i' | hints=['insects buzzing', 'branch creak', 'footsteps on dirt'] | expr=[]
2026-06-24 17:51:14,103 | INFO | [539.0s] scene='The image shows a group of three people standing in a field. He is standing with' | hints=['insects buzzing', 'branch creak', 'footsteps on dirt'] | expr=[]
2026-06-24 17:51:20,538 | INFO | [542.0s] scene='The image shows three people, two men and a woman, standing in a field with tree' | hints=['insects buzzing', 'branch creak', 'footsteps on dirt'] | expr=[]
2026-06-24 17:51:36,055 | INFO | [545.0s] scene='The image shows a group of three men standing in a field. The other two men are ' | hints=['wind over water', 'wind', 'birds chirping'] | expr=[]
2026-06-24 17:51:42,892 | INFO | [548.0s] scene='The image shows a group of three people, two men and a woman, standing in a fiel' | hints=['insects buzzing', 'branch creak', 'footsteps on dirt'] | expr=[]
2026-06-24 17:51:50,524 | INFO | [551.0s] scene='The image shows three people standing in a field with trees in the background. H' | hints=['insects buzzing', 'branch creak', 'footsteps on dirt'] | expr=[]
2026-06-24 17:52:01,530 | INFO | [554.0s] scene='The image shows three people, two men and a woman, standing in a field with tree' | hints=['insects buzzing', 'branch creak', 'footsteps on dirt'] | expr=[]
2026-06-24 17:52:10,411 | INFO | [557.0s] scene='The image shows three men standing in a field with trees in the background. He i' | hints=['insects buzzing', 'branch creak', 'footsteps on dirt'] | expr=[]
2026-06-24 17:52:10,479 | INFO | [560.0s] skip unstable frame (diff=56.6)
2026-06-24 17:52:10,529 | INFO | [563.0s] skip unstable frame (diff=58.6)
2026-06-24 17:52:10,603 | INFO | [566.0s] skip unstable frame (diff=62.2)
2026-06-24 17:52:18,079 | INFO | [569.0s] scene='The image is a still from a movie or TV show. It shows a man and a woman sitting' | hints=['insects buzzing', 'branch creak', 'footsteps on dirt'] | expr=[]
2026-06-24 17:52:31,149 | INFO | [572.1s] scene='The image shows a man and a woman sitting on a bench in a rural area. She appear' | hints=['wind over water', 'wind', 'birds chirping'] | expr=[]
2026-06-24 17:52:38,450 | INFO | [575.1s] scene='The image is a still from a movie or TV show. It shows two characters, a man and' | hints=['insects buzzing', 'branch creak', 'footsteps on dirt'] | expr=[]
2026-06-24 17:52:46,484 | INFO | [578.1s] scene='The image is a still from a movie or TV show. It shows two characters, a man and' | hints=['insects buzzing', 'branch creak', 'footsteps on dirt'] | expr=['concerned']
2026-06-24 17:52:53,761 | INFO | [581.1s] scene='The image shows two men sitting on a bench, facing each other. He has a serious ' | hints=['wind over water', 'wind', 'birds chirping'] | expr=[]
2026-06-24 17:53:01,468 | INFO | [584.1s] scene='The image shows two men sitting on a bench, facing each other. He is holding a w' | hints=['insects buzzing', 'branch creak', 'footsteps on dirt'] | expr=[]
2026-06-24 17:53:01,584 | INFO | [587.1s] skip unstable frame (diff=60.8)
2026-06-24 17:53:01,675 | INFO | [590.1s] skip unstable frame (diff=40.1)
2026-06-24 17:53:01,741 | INFO | [593.2s] skip unstable frame (diff=44.6)
2026-06-24 17:53:07,474 | INFO | [596.2s] scene='The image shows a person walking through a field of tall grass. The person is we' | hints=['insects buzzing', 'branch creak', 'footsteps on dirt'] | expr=[]
2026-06-24 17:53:20,941 | INFO | [599.2s] scene='The image shows a person walking through a field of tall grass. The person is we' | hints=['insects buzzing', 'branch creak', 'footsteps on dirt'] | expr=[]
2026-06-24 17:53:20,993 | INFO | [602.2s] skip unstable frame (diff=28.7)
2026-06-24 17:53:28,574 | INFO | [605.2s] scene='The image shows a person walking through a field of tall grass. The person is we' | hints=['wind over water', 'wind', 'birds chirping'] | expr=[]
2026-06-24 17:53:37,973 | INFO | [608.2s] scene='The image shows a woman walking through a field of tall grass. The field is surr' | hints=['wind over water', 'wind', 'birds chirping'] | expr=[]
2026-06-24 17:53:46,449 | INFO | [611.2s] scene='The image shows two people, a man and a woman, standing in a field of tall grass' | hints=['insects buzzing', 'branch creak', 'footsteps on dirt'] | expr=[]
2026-06-24 17:53:54,531 | INFO | [614.2s] scene='The image shows three people standing in a field of tall grass. The background i' | hints=['insects buzzing', 'branch creak', 'footsteps on dirt'] | expr=[]
2026-06-24 17:54:02,329 | INFO | [617.2s] scene='The image shows three women standing in a field of tall grass. The background is' | hints=['wind over water', 'wind', 'birds chirping'] | expr=[]
2026-06-24 17:54:08,798 | INFO | [620.2s] scene='The image shows two women standing in a field of tall grass. She is standing nex' | hints=['insects buzzing', 'branch creak', 'footsteps on dirt'] | expr=[]
2026-06-24 17:54:08,882 | INFO | [623.2s] skip unstable frame (diff=71.0)
2026-06-24 17:54:18,368 | INFO | [626.3s] scene='The image shows two people, a man and a woman, kneeling on the ground in a field' | hints=['wind over water', 'wind', 'birds chirping'] | expr=[]
2026-06-24 17:54:24,430 | INFO | [629.3s] scene='The image shows two people, a man and a woman, standing on a rocky shore near a ' | hints=['wind over water', 'rain falling', 'water flowing'] | expr=[]
2026-06-24 17:54:24,506 | INFO | [632.3s] skip unstable frame (diff=31.1)
2026-06-24 17:54:38,496 | INFO | [635.3s] scene='The image shows two women standing in a field, facing each other. The background' | hints=['insects buzzing', 'branch creak', 'footsteps on dirt'] | expr=[]
2026-06-24 17:54:46,907 | INFO | [638.3s] scene='The image shows two women standing on a beach, facing each other. The woman in t' | hints=['wind over water', 'rain falling', 'water flowing'] | expr=[]
2026-06-24 17:54:55,142 | INFO | [641.3s] scene='The image shows two people, a man and a woman, standing in front of a body of wa' | hints=['wind over water', 'rain falling', 'water flowing'] | expr=[]
2026-06-24 17:55:03,873 | INFO | [644.3s] scene='The image shows two people, a man and a woman, standing in front of a body of wa' | hints=['insects buzzing', 'branch creak', 'footsteps on dirt'] | expr=[]
2026-06-24 17:55:12,280 | INFO | [647.3s] scene='The image shows two people, a man and a woman, standing in front of a body of wa' | hints=['insects buzzing', 'branch creak', 'footsteps on dirt'] | expr=[]
2026-06-24 17:55:20,300 | INFO | [650.4s] scene='The image shows a man and a woman standing next to each other near a body of wat' | hints=['insects buzzing', 'branch creak', 'footsteps on dirt'] | expr=[]
2026-06-24 17:55:28,162 | INFO | [653.4s] scene='The image shows a man and a woman standing next to each other near a body of wat' | hints=['insects buzzing', 'branch creak', 'footsteps on dirt'] | expr=[]
2026-06-24 17:55:35,608 | INFO | [656.4s] scene='The image shows a woman standing in front of a body of water. Her hair is tied u' | hints=['wind over water', 'rain falling', 'water flowing'] | expr=[]
2026-06-24 17:55:43,230 | INFO | [659.4s] scene='The image shows a woman in a white saree standing by a body of water. She appear' | hints=['running', 'wind over water', 'wind'] | expr=[]
2026-06-24 17:55:43,321 | INFO | [662.4s] skip unstable frame (diff=55.2)
2026-06-24 17:55:43,370 | INFO | [665.4s] skip unstable frame (diff=46.2)
2026-06-24 17:55:43,427 | INFO | [668.4s] skip unstable frame (diff=37.6)
2026-06-24 17:55:43,485 | INFO | [671.4s] skip unstable frame (diff=37.7)
2026-06-24 17:55:43,533 | INFO | [674.4s] skip unstable frame (diff=47.4)
2026-06-24 17:55:43,579 | INFO | [677.4s] skip unstable frame (diff=51.0)
2026-06-24 17:55:43,619 | INFO | [680.5s] skip unstable frame (diff=25.7)
2026-06-24 17:55:52,168 | INFO | [683.5s] scene='The image shows three people sitting on the ground in a wooded area. He is sitti' | hints=['insects buzzing', 'branch creak', 'footsteps on dirt'] | expr=[]
2026-06-24 17:56:01,783 | INFO | [686.5s] scene='The image shows three people sitting on the ground in a wooded area. He is sitti' | hints=['wind over water', 'wind', 'birds chirping'] | expr=[]
2026-06-24 17:56:10,445 | INFO | [689.5s] scene='The image shows three people sitting on the ground in a wooded area. He is sitti' | hints=['wind over water', 'wind', 'birds chirping'] | expr=[]
2026-06-24 17:56:24,007 | INFO | [692.5s] scene='The image shows three people sitting on the ground in a wooded area. He is sitti' | hints=['wind over water', 'wind', 'birds chirping'] | expr=[]
2026-06-24 17:56:24,066 | INFO | [695.5s] skip unstable frame (diff=50.3)
2026-06-24 17:56:24,116 | INFO | [698.5s] skip unstable frame (diff=53.1)
2026-06-24 17:56:24,163 | INFO | [701.5s] skip unstable frame (diff=52.4)
2026-06-24 17:56:35,033 | INFO | [704.6s] scene='The image is a still from a Tamil movie. She is wearing a red saree and has a se' | hints=['insects buzzing', 'branch creak', 'footsteps on dirt'] | expr=[]
2026-06-24 17:56:35,098 | INFO | [707.6s] skip unstable frame (diff=51.8)
2026-06-24 17:56:35,157 | INFO | [710.6s] skip unstable frame (diff=49.7)
2026-06-24 17:56:41,915 | INFO | [713.6s] scene='The image shows a group of three people sitting under a tree in a forest. The pe' | hints=['insects buzzing', 'branch creak', 'footsteps on dirt'] | expr=[]
2026-06-24 17:56:41,986 | INFO | [716.6s] skip unstable frame (diff=31.7)
2026-06-24 17:56:42,045 | INFO | [719.6s] skip unstable frame (diff=47.6)
2026-06-24 17:56:42,119 | INFO | [722.6s] skip unstable frame (diff=37.2)
2026-06-24 17:56:42,188 | INFO | [725.6s] skip unstable frame (diff=43.0)
2026-06-24 17:56:42,250 | INFO | [728.6s] skip unstable frame (diff=38.6)
2026-06-24 17:56:42,309 | INFO | [731.6s] skip unstable frame (diff=35.7)
2026-06-24 17:56:42,378 | INFO | [734.6s] skip unstable frame (diff=36.9)
2026-06-24 17:56:42,415 | INFO | [737.7s] skip unstable frame (diff=31.1)
2026-06-24 17:56:42,460 | INFO | [740.7s] skip unstable frame (diff=25.9)
2026-06-24 17:56:42,499 | INFO | [743.7s] skip unstable frame (diff=32.8)
2026-06-24 17:56:42,541 | INFO | [746.7s] skip unstable frame (diff=33.1)
2026-06-24 17:56:42,583 | INFO | [749.7s] skip unstable frame (diff=28.0)
2026-06-24 17:56:42,626 | INFO | [752.7s] skip unstable frame (diff=27.3)
2026-06-24 17:56:42,678 | INFO | [755.7s] skip unstable frame (diff=34.9)
2026-06-24 17:56:42,736 | INFO | [758.8s] skip unstable frame (diff=27.2)
2026-06-24 17:56:42,794 | INFO | [761.8s] skip unstable frame (diff=26.0)
2026-06-24 17:56:42,850 | INFO | [764.8s] skip unstable frame (diff=29.7)
2026-06-24 17:56:42,906 | INFO | [767.8s] skip unstable frame (diff=29.6)
2026-06-24 17:56:42,973 | INFO | [770.8s] skip unstable frame (diff=42.2)
2026-06-24 17:56:43,037 | INFO | [773.8s] skip unstable frame (diff=33.3)
2026-06-24 17:57:00,754 | INFO | [776.8s] scene='The image shows a group of four people sitting on the ground in a forested area.' | hints=['wind over water', 'wind', 'birds chirping'] | expr=[]
2026-06-24 17:57:10,978 | INFO | [779.8s] scene='The image shows a group of four people sitting on the ground in a forested area.' | hints=['insects buzzing', 'branch creak', 'footsteps on dirt'] | expr=[]
2026-06-24 17:57:31,651 | INFO | [782.8s] scene='The image shows three women sitting on the ground in a forested area. The man on' | hints=['insects buzzing', 'branch creak', 'footsteps on dirt'] | expr=[]
2026-06-24 17:57:50,327 | INFO | [785.8s] scene='The image shows two people, a man and a woman, sitting on the ground in a rural ' | hints=['wind over water', 'wind', 'birds chirping'] | expr=['concerned']
2026-06-24 17:58:50,266 | INFO | [788.8s] scene='The image shows a group of four people sitting on the ground in a forested area.' | hints=['wind over water', 'wind', 'birds chirping'] | expr=[]
2026-06-24 17:58:51,182 | INFO | [791.9s] skip unstable frame (diff=39.3)
2026-06-24 17:58:51,368 | INFO | [794.9s] skip unstable frame (diff=42.1)
2026-06-24 17:58:52,088 | INFO | [797.9s] skip unstable frame (diff=38.7)
2026-06-24 17:59:33,846 | INFO | [800.9s] scene='The image shows a group of people gathered in a wooded area. There are several p' | hints=['insects buzzing', 'branch creak', 'footsteps on dirt'] | expr=[]
2026-06-24 18:00:17,008 | INFO | [803.9s] scene='The image shows a group of people dancing in a forest. They are dancing on a dir' | hints=['insects buzzing', 'branch creak', 'footsteps on dirt'] | expr=[]
2026-06-24 18:00:17,859 | INFO | [806.9s] skip unstable frame (diff=25.8)
2026-06-24 18:00:18,147 | INFO | [809.9s] skip unstable frame (diff=29.6)
2026-06-24 18:00:18,839 | INFO | [813.0s] skip unstable frame (diff=29.2)
2026-06-24 18:00:19,705 | INFO | [816.0s] skip unstable frame (diff=31.7)
2026-06-24 18:00:20,570 | INFO | [819.0s] skip unstable frame (diff=28.0)
2026-06-24 18:00:20,695 | INFO | [822.0s] skip unstable frame (diff=26.2)
2026-06-24 18:01:15,560 | INFO | [825.0s] scene='The image is a still from a movie or TV show. It shows a group of people in a wo' | hints=['insects buzzing', 'branch creak', 'footsteps on dirt'] | expr=[]
2026-06-24 18:01:15,624 | INFO | [828.0s] skip unstable frame (diff=26.7)
2026-06-24 18:01:15,677 | INFO | [831.0s] skip unstable frame (diff=30.5)
2026-06-24 18:01:15,720 | INFO | [834.0s] skip unstable frame (diff=37.9)
2026-06-24 18:01:36,010 | INFO | [837.0s] scene='The image is a still from a Bollywood movie. It shows a man and a woman in a rom' | hints=['wind over water', 'wind', 'birds chirping'] | expr=[]
2026-06-24 18:02:25,952 | INFO | [840.0s] scene='The image is a still from a Bollywood movie. It shows a man and a woman in a rom' | hints=['wind over water', 'wind', 'birds chirping'] | expr=['smiling']
2026-06-24 18:03:06,184 | INFO | [843.0s] scene='The image is a still from a Bollywood movie. It shows a man and a woman sitting ' | hints=['insects buzzing', 'branch creak', 'footsteps on dirt'] | expr=['smiling']
2026-06-24 18:03:57,137 | INFO | [846.1s] scene='The image is a still from a Bollywood movie. It shows a man and a woman sitting ' | hints=['insects buzzing', 'branch creak', 'footsteps on dirt'] | expr=['smiling']
2026-06-24 18:04:41,175 | INFO | [849.1s] scene='The image is a still from a Bollywood movie. It shows a man and a woman sitting ' | hints=['wind over water', 'wind', 'birds chirping'] | expr=[]
2026-06-24 18:05:25,138 | INFO | [852.1s] scene='The image is a still from a Bollywood movie. It shows a man and a woman sitting ' | hints=['insects buzzing', 'branch creak', 'footsteps on dirt'] | expr=[]
2026-06-24 18:06:40,621 | INFO | [855.1s] scene='The image is a still from a Bollywood movie. It shows a man and a woman sitting ' | hints=['insects buzzing', 'branch creak', 'footsteps on dirt'] | expr=[]
2026-06-24 18:07:00,454 | INFO | [858.1s] scene='The image is a still from a Bollywood movie. It shows a man and a woman in a rom' | hints=['wind over water', 'wind', 'birds chirping'] | expr=[]
2026-06-24 18:07:30,931 | INFO | [861.1s] scene='The image shows a man and a woman in a romantic embrace. He is looking down at t' | hints=['wind over water', 'wind', 'birds chirping'] | expr=[]
2026-06-24 18:07:37,005 | INFO | [864.1s] scene='The image shows a man and a woman in a romantic embrace. They are standing in a ' | hints=['insects buzzing', 'branch creak', 'footsteps on dirt'] | expr=[]
2026-06-24 18:07:50,958 | INFO | [867.2s] scene='The image shows two women, one wearing a red saree and the other wearing a white' | hints=['insects buzzing', 'branch creak', 'footsteps on dirt'] | expr=[]
2026-06-24 18:08:10,909 | INFO | [870.2s] scene='The image shows a man and a woman in a romantic embrace. He is looking down at t' | hints=['insects buzzing', 'branch creak', 'footsteps on dirt'] | expr=[]
2026-06-24 18:08:11,073 | INFO | [873.2s] skip unstable frame (diff=42.4)
2026-06-24 18:08:11,230 | INFO | [876.2s] skip unstable frame (diff=77.4)
2026-06-24 18:08:35,738 | INFO | [879.2s] scene='The sky is a beautiful orange and pink color, with the sun setting in the backgr' | hints=['insects buzzing', 'branch creak', 'footsteps on dirt'] | expr=[]
2026-06-24 18:08:57,237 | INFO | [882.2s] scene='The sky is a beautiful shade of pink and orange, with the sun partially visible ' | hints=['wind over water', 'wind', 'birds chirping'] | expr=[]
2026-06-24 18:08:57,356 | INFO | [885.2s] skip unstable frame (diff=35.4)
2026-06-24 18:09:15,522 | INFO | [888.2s] scene='The image is a still from a movie or TV show. The sky is overcast and the overal' | hints=['insects buzzing', 'branch creak', 'footsteps on dirt'] | expr=[]
2026-06-24 18:09:31,177 | INFO | [891.2s] scene='The image shows a group of people walking through a field of tall grass and palm' | hints=['insects buzzing', 'branch creak', 'footsteps on dirt'] | expr=[]
2026-06-24 18:09:45,537 | INFO | [894.2s] scene='The image shows a group of people walking through a field of tall grass and palm' | hints=['insects buzzing', 'branch creak', 'footsteps on dirt'] | expr=[]
2026-06-24 18:10:04,390 | INFO | [897.2s] scene='The image shows a group of people walking through a field of tall grass and palm' | hints=['insects buzzing', 'branch creak', 'footsteps on dirt'] | expr=[]
2026-06-24 18:10:16,653 | INFO | [900.3s] scene='The image shows a group of people walking through a field of tall grass. The sky' | hints=['insects buzzing', 'branch creak', 'footsteps on dirt'] | expr=[]
2026-06-24 18:10:34,271 | INFO | [903.3s] scene='The image shows a group of people walking through a field of tall, dry grass. Th' | hints=['insects buzzing', 'branch creak', 'footsteps on dirt'] | expr=[]
2026-06-24 18:10:48,527 | INFO | [906.3s] scene='The image shows a group of people walking through a field of tall grass. The gra' | hints=['insects buzzing', 'branch creak', 'footsteps on dirt'] | expr=[]
2026-06-24 18:11:12,556 | INFO | [909.3s] scene='The image shows a field of tall, dry grasses with a few trees in the background.' | hints=['insects buzzing', 'branch creak', 'footsteps on dirt'] | expr=[]
2026-06-24 18:11:22,542 | INFO | [912.3s] scene='The image shows a group of people walking through a field of tall, dry grass. Th' | hints=['insects buzzing', 'branch creak', 'footsteps on dirt'] | expr=[]
2026-06-24 18:11:36,097 | INFO | [915.3s] scene='The image shows a group of people walking through a field of tall, dry grass. Th' | hints=['wind over water', 'wind', 'birds chirping'] | expr=[]
2026-06-24 18:11:51,043 | INFO | [918.3s] scene='The image shows a group of people walking through a field of tall, dry grass. Th' | hints=['insects buzzing', 'branch creak', 'footsteps on dirt'] | expr=[]
2026-06-24 18:11:51,214 | INFO | [921.3s] skip unstable frame (diff=26.7)
2026-06-24 18:11:51,306 | INFO | [924.4s] skip unstable frame (diff=26.5)
2026-06-24 18:11:51,423 | INFO | [927.4s] skip unstable frame (diff=27.8)
2026-06-24 18:11:51,547 | INFO | [930.4s] skip unstable frame (diff=28.1)
2026-06-24 18:11:51,656 | INFO | [933.4s] skip unstable frame (diff=26.5)
2026-06-24 18:12:04,937 | INFO | [936.4s] scene='The image shows a group of people walking through a field of tall grass. There a' | hints=['insects buzzing', 'branch creak', 'footsteps on dirt'] | expr=[]
2026-06-24 18:12:05,094 | INFO | [939.4s] skip unstable frame (diff=27.1)
2026-06-24 18:12:05,182 | INFO | [942.4s] skip unstable frame (diff=29.8)
2026-06-24 18:12:05,470 | INFO | [945.4s] skip unstable frame (diff=31.8)
2026-06-24 18:12:05,576 | INFO | [948.4s] skip unstable frame (diff=31.5)
2026-06-24 18:12:05,672 | INFO | [951.4s] skip unstable frame (diff=25.6)
2026-06-24 18:12:05,743 | INFO | [954.4s] skip unstable frame (diff=26.9)
2026-06-24 18:12:05,849 | INFO | [957.5s] skip unstable frame (diff=37.1)
2026-06-24 18:12:05,988 | INFO | [960.5s] skip unstable frame (diff=31.7)
2026-06-24 18:12:06,122 | INFO | [963.5s] skip unstable frame (diff=29.6)
2026-06-24 18:12:06,233 | INFO | [966.5s] skip unstable frame (diff=36.0)
2026-06-24 18:12:19,469 | INFO | [969.5s] scene='The image shows two men standing in a field with tall grass and trees in the bac' | hints=['insects buzzing', 'branch creak', 'footsteps on dirt'] | expr=[]
2026-06-24 18:12:19,734 | INFO | [972.5s] skip unstable frame (diff=26.8)
2026-06-24 18:12:19,965 | INFO | [975.5s] skip unstable frame (diff=27.6)
2026-06-24 18:12:20,025 | INFO | [978.6s] skip unstable frame (diff=42.8)
2026-06-24 18:13:37,124 | INFO | [981.6s] scene='The image shows two men standing in a field with tall grass and bushes in the ba' | hints=['insects buzzing', 'branch creak', 'footsteps on dirt'] | expr=[]
2026-06-24 18:14:53,698 | INFO | [984.6s] scene='The image shows two men standing in a field with a hill in the background. Both ' | hints=['insects buzzing', 'branch creak', 'footsteps on dirt'] | expr=[]
2026-06-24 18:15:47,808 | INFO | [987.6s] scene='The image shows two men standing in a field with tall grass and bushes in the ba' | hints=['insects buzzing', 'branch creak', 'footsteps on dirt'] | expr=[]
2026-06-24 18:17:14,153 | INFO | [990.6s] scene='The image shows two men standing in a field with tall grass and bushes in the ba' | hints=['insects buzzing', 'branch creak', 'footsteps on dirt'] | expr=[]
2026-06-24 18:18:35,166 | INFO | [993.6s] scene='The image shows two men standing in a field with tall grass and bushes in the ba' | hints=['insects buzzing', 'branch creak', 'footsteps on dirt'] | expr=[]
2026-06-24 18:19:33,528 | INFO | [996.6s] scene='The image shows two men standing in a field with tall grass and bushes in the ba' | hints=['insects buzzing', 'branch creak', 'footsteps on dirt'] | expr=[]
2026-06-24 18:19:44,209 | INFO | [999.6s] scene='The image shows two men standing in a field with tall grass and bushes in the ba' | hints=['insects buzzing', 'branch creak', 'footsteps on dirt'] | expr=[]
2026-06-24 18:20:43,612 | INFO | [1002.6s] scene='The image shows two men standing in a field with tall grass and bushes in the ba' | hints=['insects buzzing', 'branch creak', 'footsteps on dirt'] | expr=[]
2026-06-24 18:22:45,058 | INFO | [1005.6s] scene='The image is a still from a movie or TV show. It shows two men standing in a fie' | hints=['insects buzzing', 'branch creak', 'footsteps on dirt'] | expr=['concerned']
2026-06-24 18:24:09,867 | INFO | [1008.6s] scene='The image shows two men standing in a field with tall grass and bushes in the ba' | hints=['insects buzzing', 'branch creak', 'footsteps on dirt'] | expr=[]
2026-06-24 18:25:38,166 | INFO | [1011.7s] scene='The image shows two men standing in a field with tall grass and bushes in the ba' | hints=['insects buzzing', 'branch creak', 'footsteps on dirt'] | expr=['concerned']
2026-06-24 18:27:02,270 | INFO | [1014.7s] scene='The image shows two men standing in a field with tall grass and bushes in the ba' | hints=['insects buzzing', 'branch creak', 'footsteps on dirt'] | expr=[]
2026-06-24 18:28:06,940 | INFO | [1017.7s] scene='The image shows two men standing in a field with tall grass and bushes in the ba' | hints=['insects buzzing', 'branch creak', 'footsteps on dirt'] | expr=[]
2026-06-24 18:28:14,073 | INFO | [1020.7s] scene='The image shows two men standing in a field with tall grass and bushes in the ba' | hints=['insects buzzing', 'branch creak', 'footsteps on dirt'] | expr=[]
2026-06-24 18:28:22,692 | INFO | [1023.7s] scene='The image shows two men standing in a field with tall grass and bushes in the ba' | hints=['insects buzzing', 'branch creak', 'footsteps on dirt'] | expr=[]
2026-06-24 18:28:39,439 | INFO | [1026.7s] scene='The image shows two men standing in a field with tall grass and bushes in the ba' | hints=['insects buzzing', 'branch creak', 'footsteps on dirt'] | expr=[]
2026-06-24 18:28:58,264 | INFO | [1029.7s] scene='The image shows two men standing in a field with tall grass and bushes in the ba' | hints=['insects buzzing', 'branch creak', 'footsteps on dirt'] | expr=[]
2026-06-24 18:31:49,449 | INFO | [1032.8s] scene='The image shows two men standing in a field with tall grass and bushes in the ba' | hints=['insects buzzing', 'branch creak', 'footsteps on dirt'] | expr=[]
2026-06-24 18:33:13,757 | INFO | [1035.8s] scene='The image shows two men standing in a field with tall grass and bushes in the ba' | hints=['insects buzzing', 'branch creak', 'footsteps on dirt'] | expr=[]
2026-06-24 18:33:52,175 | INFO | [1038.8s] scene='The image shows two men standing in a field with tall grass and bushes in the ba' | hints=['insects buzzing', 'branch creak', 'footsteps on dirt'] | expr=[]
2026-06-24 18:34:06,646 | INFO | [1041.8s] scene='The image shows two men standing in a field with tall grass and bushes in the ba' | hints=['insects buzzing', 'branch creak', 'footsteps on dirt'] | expr=[]
2026-06-24 18:34:36,073 | INFO | [1044.8s] scene='The image shows two men standing in a field with mountains in the background. Th' | hints=['insects buzzing', 'branch creak', 'footsteps on dirt'] | expr=[]
2026-06-24 18:35:03,344 | INFO | [1047.8s] scene='The image shows two men standing in a field with tall grass and mountains in the' | hints=['insects buzzing', 'branch creak', 'footsteps on dirt'] | expr=[]
2026-06-24 18:35:10,858 | INFO | [1050.8s] scene='The image shows two men standing in a field with tall grass and bushes in the ba' | hints=['insects buzzing', 'branch creak', 'footsteps on dirt'] | expr=[]
2026-06-24 18:36:18,706 | INFO | [1053.8s] scene='The image shows two men standing in a field with tall grass and bushes in the ba' | hints=['insects buzzing', 'branch creak', 'footsteps on dirt'] | expr=[]
2026-06-24 18:37:44,948 | INFO | [1056.8s] scene='The image shows two men standing in a field with tall grass and mountains in the' | hints=['insects buzzing', 'branch creak', 'footsteps on dirt'] | expr=[]
2026-06-24 18:37:46,259 | INFO | [1059.8s] skip unstable frame (diff=38.9)
2026-06-24 18:37:47,682 | INFO | [1062.8s] skip unstable frame (diff=37.8)
2026-06-24 18:37:47,919 | INFO | [1065.9s] skip unstable frame (diff=68.5)
2026-06-24 18:37:48,084 | INFO | [1068.9s] skip unstable frame (diff=69.3)
2026-06-24 18:37:48,189 | INFO | [1071.9s] skip unstable frame (diff=63.7)
2026-06-24 18:37:48,265 | INFO | [1074.9s] skip unstable frame (diff=36.8)
2026-06-24 18:38:11,575 | INFO | [1077.9s] scene='The image shows a group of people sitting under a wooden structure in a rural ar' | hints=['wind over water', 'wind', 'birds chirping'] | expr=[]
2026-06-24 18:38:11,655 | INFO | [1080.9s] skip unstable frame (diff=26.2)
2026-06-24 18:38:12,207 | INFO | [1083.9s] skip unstable frame (diff=35.5)
2026-06-24 18:39:50,261 | INFO | [1087.0s] scene='The image shows a group of people sitting on the ground in a forested area. They' | hints=['insects buzzing', 'branch creak', 'footsteps on dirt'] | expr=[]
2026-06-24 18:39:51,179 | INFO | [1090.0s] skip unstable frame (diff=30.1)
2026-06-24 18:41:05,092 | INFO | [1093.0s] scene='The image shows a group of people sitting on the ground in a forested area. They' | hints=['insects buzzing', 'branch creak', 'footsteps on dirt'] | expr=[]
2026-06-24 18:42:38,322 | INFO | [1096.0s] scene='The image shows a group of people sitting on the ground in a forested area. They' | hints=['insects buzzing', 'branch creak', 'footsteps on dirt'] | expr=[]
2026-06-24 18:42:51,165 | INFO | [1099.0s] scene='The image shows a group of people sitting on the ground in a forested area. In t' | hints=['insects buzzing', 'branch creak', 'footsteps on dirt'] | expr=[]
2026-06-24 18:43:15,746 | INFO | [1102.0s] scene='The image shows a group of people sitting on the ground in a forested area. They' | hints=['insects buzzing', 'branch creak', 'footsteps on dirt'] | expr=[]
2026-06-24 18:43:25,042 | INFO | [1105.0s] scene='The image shows a group of people sitting on the ground in a forested area. They' | hints=['insects buzzing', 'branch creak', 'footsteps on dirt'] | expr=[]
2026-06-24 18:43:32,258 | INFO | [1108.0s] scene='The image shows a group of people sitting on the ground in a forested area. In t' | hints=['insects buzzing', 'branch creak', 'footsteps on dirt'] | expr=[]
2026-06-24 18:44:59,002 | INFO | [1111.0s] scene='The image shows a group of people sitting on the ground in a circle, engaged in ' | hints=['wind over water', 'wind', 'birds chirping'] | expr=[]
2026-06-24 18:45:29,372 | INFO | [1114.0s] scene='The image shows a group of people sitting under a wooden structure in a forested' | hints=['wind over water', 'wind', 'birds chirping'] | expr=[]
2026-06-24 18:45:37,694 | INFO | [1117.0s] scene='The image shows a group of people sitting on the ground under a wooden structure' | hints=['wind over water', 'wind', 'birds chirping'] | expr=[]
2026-06-24 18:46:12,774 | INFO | [1120.1s] scene='The image shows a group of people sitting on the ground under a wooden structure' | hints=['wind over water', 'wind', 'birds chirping'] | expr=[]
2026-06-24 18:46:21,567 | INFO | [1123.1s] scene='The image shows a group of people sitting under a wooden structure in a forest. ' | hints=['insects buzzing', 'branch creak', 'footsteps on dirt'] | expr=[]
2026-06-24 18:46:52,754 | INFO | [1126.1s] scene='The image shows a group of people sitting on the ground under a wooden structure' | hints=['insects buzzing', 'branch creak', 'footsteps on dirt'] | expr=[]
2026-06-24 18:47:43,281 | INFO | [1129.1s] scene='The image shows a group of people sitting under a wooden structure in a forested' | hints=['wind over water', 'wind', 'birds chirping'] | expr=[]
2026-06-24 18:48:05,724 | INFO | [1132.1s] scene='The image shows a group of people sitting under a wooden structure in a forested' | hints=['insects buzzing', 'branch creak', 'footsteps on dirt'] | expr=[]
2026-06-24 18:48:05,792 | INFO | [1135.1s] skip unstable frame (diff=54.2)
2026-06-24 18:48:05,840 | INFO | [1138.1s] skip unstable frame (diff=54.3)
2026-06-24 18:48:05,897 | INFO | [1141.1s] skip unstable frame (diff=50.9)
2026-06-24 18:48:39,265 | INFO | [1144.2s] scene='The image is a still from a movie or TV show. She is standing in front of a tree' | hints=['insects buzzing', 'branch creak', 'footsteps on dirt'] | expr=[]
2026-06-24 18:48:40,246 | INFO | [1147.2s] skip unstable frame (diff=39.7)
2026-06-24 18:48:40,446 | INFO | [1150.2s] skip unstable frame (diff=36.6)
2026-06-24 18:48:41,576 | INFO | [1153.2s] skip unstable frame (diff=28.9)
2026-06-24 18:48:41,686 | INFO | [1156.2s] skip unstable frame (diff=48.1)
2026-06-24 18:48:41,760 | INFO | [1159.2s] skip unstable frame (diff=47.4)
2026-06-24 18:48:41,818 | INFO | [1162.2s] skip unstable frame (diff=48.3)
2026-06-24 18:48:41,865 | INFO | [1165.2s] skip unstable frame (diff=47.6)
2026-06-24 18:48:41,918 | INFO | [1168.2s] skip unstable frame (diff=48.1)
2026-06-24 18:48:41,971 | INFO | [1171.2s] skip unstable frame (diff=48.3)
2026-06-24 18:48:42,049 | INFO | [1174.2s] skip unstable frame (diff=51.8)
2026-06-24 18:49:21,560 | INFO | [1177.3s] scene='The image is a still from a movie or TV show. It shows a woman wearing a white h' | hints=['wind over water', 'wind', 'birds chirping'] | expr=[]
2026-06-24 18:50:27,702 | INFO | [1180.3s] scene='The image is a still from a movie or TV show. It shows a woman wearing a white h' | hints=['wind over water', 'wind', 'birds chirping'] | expr=[]
2026-06-24 18:50:29,138 | INFO | [1183.3s] skip unstable frame (diff=52.3)
2026-06-24 18:50:30,256 | INFO | [1186.3s] skip unstable frame (diff=51.7)
2026-06-24 18:51:34,910 | INFO | [1189.3s] scene='The image is a still from a movie or TV show. She appears to be in a rural area,' | hints=['wind over water', 'wind', 'birds chirping'] | expr=[]
2026-06-24 18:52:35,039 | INFO | [1192.3s] scene='The image is a still from a movie or TV show. It shows a woman wearing a white h' | hints=['wind over water', 'wind', 'birds chirping'] | expr=[]
2026-06-24 18:52:35,960 | INFO | [1195.3s] skip unstable frame (diff=49.8)
2026-06-24 18:53:45,481 | INFO | [1198.4s] scene='The image is a still from a movie or TV show. He has a tattoo on his chest that ' | hints=['insects buzzing', 'branch creak', 'footsteps on dirt'] | expr=[]
2026-06-24 18:54:45,616 | INFO | [1201.4s] scene='The image is a still from a movie or TV show. It shows a close-up of a man's fac' | hints=['insects buzzing', 'branch creak', 'footsteps on dirt'] | expr=[]
2026-06-24 18:55:21,088 | INFO | [1204.4s] scene='The image is a still from a movie or TV show. It shows a young man with dark hai' | hints=['insects buzzing', 'branch creak', 'footsteps on dirt'] | expr=[]
2026-06-24 18:55:27,608 | INFO | [1207.4s] scene='The image is a still from a movie or TV show. It shows a close-up of a man's fac' | hints=['insects buzzing', 'branch creak', 'footsteps on dirt'] | expr=[]
2026-06-24 18:55:27,921 | INFO | [1210.4s] skip unstable frame (diff=54.3)
2026-06-24 18:55:38,033 | INFO | [1213.4s] scene='The image is a still from a movie or TV show. She appears to be in a rural area ' | hints=['wind over water', 'wind', 'birds chirping'] | expr=[]
2026-06-24 18:55:52,127 | INFO | [1216.4s] scene='The image is a still from a movie or TV show. She appears to be in her late 40s ' | hints=['wind over water', 'wind', 'birds chirping'] | expr=[]
2026-06-24 18:55:52,365 | INFO | [1219.4s] skip unstable frame (diff=54.0)
2026-06-24 18:55:52,419 | INFO | [1222.4s] skip unstable frame (diff=53.7)
2026-06-24 18:56:04,808 | INFO | [1225.4s] scene='The image is a still from a movie or TV show. It shows a young woman wearing a w' | hints=['wind over water', 'wind', 'birds chirping'] | expr=[]
2026-06-24 18:56:22,676 | INFO | [1228.4s] scene='The image is a still from a movie or TV show. It shows a woman wearing a white h' | hints=['wind over water', 'wind', 'birds chirping'] | expr=[]
2026-06-24 18:56:28,642 | INFO | [1231.5s] scene='The image is a still from a movie or TV show. It shows a young woman wearing a w' | hints=['wind over water', 'wind', 'birds chirping'] | expr=[]
2026-06-24 18:56:36,735 | INFO | [1234.5s] scene='The image is a still from a movie or TV show. It shows a young woman wearing a w' | hints=['wind over water', 'wind', 'birds chirping'] | expr=[]
2026-06-24 18:56:36,791 | INFO | [1237.5s] skip unstable frame (diff=58.5)
2026-06-24 18:56:36,830 | INFO | [1240.5s] skip unstable frame (diff=32.2)
2026-06-24 18:56:58,131 | INFO | [1243.5s] scene='The image shows a group of four women sitting on the ground in a rural area. In ' | hints=['wind over water', 'wind', 'birds chirping'] | expr=[]
2026-06-24 18:57:45,210 | INFO | [1246.5s] scene='The image shows a group of four women sitting on the ground in a rural area. In ' | hints=['wind over water', 'wind', 'birds chirping'] | expr=[]
2026-06-24 18:58:52,043 | INFO | [1249.5s] scene='The image shows a group of four women sitting on the ground in a rural area. The' | hints=['wind over water', 'wind', 'birds chirping'] | expr=[]
2026-06-24 18:59:55,615 | INFO | [1252.6s] scene='The image shows a group of four women sitting on the ground in a rural area. In ' | hints=['wind over water', 'wind', 'birds chirping'] | expr=[]
2026-06-24 19:00:26,655 | INFO | [1255.6s] scene='The image shows a group of four women sitting on the ground in a rural area. In ' | hints=['wind over water', 'wind', 'birds chirping'] | expr=[]
2026-06-24 19:00:41,784 | INFO | [1258.6s] scene='The image shows a group of four women sitting on the ground in a rural area. The' | hints=['insects buzzing', 'branch creak', 'footsteps on dirt'] | expr=[]
2026-06-24 19:01:25,290 | INFO | [1261.6s] scene='The image shows a group of four women sitting on the ground in a rural area. In ' | hints=['wind over water', 'wind', 'birds chirping'] | expr=[]
2026-06-24 19:02:18,970 | INFO | [1264.6s] scene='The image shows a group of four women sitting on the ground in a rural area. In ' | hints=['wind over water', 'wind', 'birds chirping'] | expr=[]
2026-06-24 19:02:28,362 | INFO | [1267.6s] scene='The image shows a group of four women sitting on the ground in a rural area. In ' | hints=['wind over water', 'wind', 'birds chirping'] | expr=[]
2026-06-24 19:02:39,133 | INFO | [1270.6s] scene='The image shows a group of four women sitting on the ground in a rural area. The' | hints=['wind over water', 'wind', 'birds chirping'] | expr=[]
2026-06-24 19:03:18,539 | INFO | [1273.6s] scene='The image shows a group of four women sitting on the ground in a rural area. In ' | hints=['wind over water', 'wind', 'birds chirping'] | expr=[]
2026-06-24 19:04:12,282 | INFO | [1276.6s] scene='The image shows a group of four women sitting on the ground in a rural area. In ' | hints=['wind over water', 'wind', 'birds chirping'] | expr=[]
2026-06-24 19:04:13,053 | INFO | [1279.6s] skip unstable frame (diff=33.0)
2026-06-24 19:04:13,231 | INFO | [1282.6s] skip unstable frame (diff=44.2)
2026-06-24 19:04:14,157 | INFO | [1285.7s] skip unstable frame (diff=39.1)
2026-06-24 19:04:14,972 | INFO | [1288.7s] skip unstable frame (diff=25.6)
2026-06-24 19:05:15,873 | INFO | [1291.7s] scene='The image shows two women sitting on the ground in a rural area. The woman in th' | hints=['wind over water', 'wind', 'birds chirping'] | expr=[]
2026-06-24 19:05:16,610 | INFO | [1294.7s] skip unstable frame (diff=50.5)
2026-06-24 19:05:16,782 | INFO | [1297.7s] skip unstable frame (diff=41.3)
2026-06-24 19:05:17,643 | INFO | [1300.7s] skip unstable frame (diff=29.8)
2026-06-24 19:05:17,796 | INFO | [1303.7s] skip unstable frame (diff=33.1)
2026-06-24 19:05:18,520 | INFO | [1306.8s] skip unstable frame (diff=34.4)
2026-06-24 19:05:18,608 | INFO | [1309.8s] skip unstable frame (diff=44.6)
2026-06-24 19:05:19,498 | INFO | [1312.8s] skip unstable frame (diff=45.8)
2026-06-24 19:05:20,223 | INFO | [1315.8s] skip unstable frame (diff=46.2)
2026-06-24 19:05:20,423 | INFO | [1318.8s] skip unstable frame (diff=49.3)
2026-06-24 19:06:23,902 | INFO | [1321.8s] scene='The image shows a dirt path winding through a tropical garden. On the left side ' | hints=['wind', 'birds chirping', 'rooster crowing'] | expr=[]
2026-06-24 19:06:24,677 | INFO | [1324.8s] skip unstable frame (diff=26.1)
2026-06-24 19:06:24,908 | INFO | [1327.8s] skip unstable frame (diff=35.0)
2026-06-24 19:06:25,493 | INFO | [1330.8s] skip unstable frame (diff=35.3)
2026-06-24 19:06:25,724 | INFO | [1333.8s] skip unstable frame (diff=39.2)
2026-06-24 19:06:26,214 | INFO | [1336.8s] skip unstable frame (diff=32.9)
2026-06-24 19:06:26,269 | INFO | [1339.9s] skip unstable frame (diff=28.1)
2026-06-24 19:06:32,007 | INFO | [1342.9s] scene='The image shows a group of four women standing in a garden with a cow in the bac' | hints=['insects buzzing', 'branch creak', 'footsteps on dirt'] | expr=[]
2026-06-24 19:06:32,094 | INFO | [1345.9s] skip unstable frame (diff=39.1)
2026-06-24 19:06:32,144 | INFO | [1348.9s] skip unstable frame (diff=47.6)
2026-06-24 19:06:54,342 | INFO | [1351.9s] scene='The image is a still from a movie or TV show. It shows a man walking through a j' | hints=['insects buzzing', 'branch creak', 'footsteps on dirt'] | expr=[]
2026-06-24 19:06:54,771 | INFO | [1354.9s] skip unstable frame (diff=40.3)
2026-06-24 19:07:33,396 | INFO | [1357.9s] scene='The image is a still from a movie or TV show. It shows a young man with dark hai' | hints=['distant voices', 'crickets chirping', 'wind'] | expr=[]
2026-06-24 19:08:28,313 | INFO | [1361.0s] scene='The image is a still from a movie or TV show. He is standing in front of a woven' | hints=['distant voices', 'crickets chirping', 'wind'] | expr=[]
2026-06-24 19:08:29,134 | INFO | Vision log: 245 frames → panns_pyannote_results\Bharat_Ek_Khoj_Ep_016_full\florence_log.jsonl
2026-06-24 19:08:29,184 | INFO | 
Stage 1 done. Stage 2:
  python pann_v5.py --video data\Bharat_Ek_Khoj_Ep_016_full.mp4 --florence-log panns_pyannote_results\Bharat_Ek_Khoj_Ep_016_full\florence_log.jsonl
